<?xml version="1.0" encoding="UTF-8"?>
<testsuite name="br.biblioteca.livros.LivrosApplicationTests" time="0.016" tests="1" errors="1" skipped="0" failures="0">
  <properties>
[...]
</properties>
  <testcase name="contextLoads" classname="br.biblioteca.livros.LivrosApplicationTests" time="0.016">
    <error message="Failed to load ApplicationContext" type="java.lang.IllegalStateException">java.lang.IllegalStateException: Failed to load ApplicationContext
	at org.springframework.test.context.cache.DefaultCacheAwareContextLoaderDelegate.loadContext(DefaultCacheAwareContextLoaderDelegate.java:124)
	at org.springframework.test.context.support.DefaultTestContext.getApplicationContext(DefaultTestContext.java:83)
	at org.springframework.test.context.web.ServletTestExecutionListener.setUpRequestContextIfNecessary(ServletTestExecutionListener.java:189)
	at org.springframework.test.context.web.ServletTestExecutionListener.prepareTestInstance(ServletTestExecutionListener.java:131)
	at org.springframework.test.context.TestContextManager.prepareTestInstance(TestContextManager.java:230)
	at org.springframework.test.context.junit4.SpringJUnit4ClassRunner.createTest(SpringJUnit4ClassRunner.java:228)
	at org.springframework.test.context.junit4.SpringJUnit4ClassRunner$1.runReflectiveCall(SpringJUnit4ClassRunner.java:287)
	at org.junit.internal.runners.model.ReflectiveCallable.run(ReflectiveCallable.java:12)
	at org.springframework.test.context.junit4.SpringJUnit4ClassRunner.methodBlock(SpringJUnit4ClassRunner.java:289)
	at org.springframework.test.context.junit4.SpringJUnit4ClassRunner.runChild(SpringJUnit4ClassRunner.java:247)
	at org.springframework.test.context.junit4.SpringJUnit4ClassRunner.runChild(SpringJUnit4ClassRunner.java:94)
	at org.junit.runners.ParentRunner$3.run(ParentRunner.java:290)
	at org.junit.runners.ParentRunner$1.schedule(ParentRunner.java:71)
	at org.junit.runners.ParentRunner.runChildren(ParentRunner.java:288)
	at org.junit.runners.ParentRunner.access$000(ParentRunner.java:58)
	at org.junit.runners.ParentRunner$2.evaluate(ParentRunner.java:268)
	at org.springframework.test.context.junit4.statements.RunBeforeTestClassCallbacks.evaluate(RunBeforeTestClassCallbacks.java:61)
	at org.springframework.test.context.junit4.statements.RunAfterTestClassCallbacks.evaluate(RunAfterTestClassCallbacks.java:70)
	at org.junit.runners.ParentRunner.run(ParentRunner.java:363)
	at org.springframework.test.context.junit4.SpringJUnit4ClassRunner.run(SpringJUnit4ClassRunner.java:191)
	at org.apache.maven.surefire.junit4.JUnit4Provider.execute(JUnit4Provider.java:283)
	at org.apache.maven.surefire.junit4.JUnit4Provider.executeWithRerun(JUnit4Provider.java:173)
	at org.apache.maven.surefire.junit4.JUnit4Provider.executeTestSet(JUnit4Provider.java:153)
	at org.apache.maven.surefire.junit4.JUnit4Provider.invoke(JUnit4Provider.java:128)
	at org.apache.maven.surefire.booter.ForkedBooter.invokeProviderInSameClassLoader(ForkedBooter.java:203)
	at org.apache.maven.surefire.booter.ForkedBooter.runSuitesInProcess(ForkedBooter.java:155)
	at org.apache.maven.surefire.booter.ForkedBooter.main(ForkedBooter.java:103)
Caused by: org.springframework.beans.factory.UnsatisfiedDependencyException: Error creating bean with name 'userControllers': Unsatisfied dependency expressed through field 'securityService'; nested exception is org.springframework.beans.factory.UnsatisfiedDependencyException: Error creating bean with name 'securityServiceImpl': Unsatisfied dependency expressed through field 'authenticationManager'; nested exception is org.springframework.beans.factory.NoSuchBeanDefinitionException: No qualifying bean of type 'org.springframework.security.authentication.AuthenticationManager' available: expected at least 1 bean which qualifies as autowire candidate. Dependency annotations: {@org.springframework.beans.factory.annotation.Autowired(required=true)}
	at org.springframework.beans.factory.annotation.AutowiredAnnotationBeanPostProcessor$AutowiredFieldElement.inject(AutowiredAnnotationBeanPostProcessor.java:588)
	at org.springframework.beans.factory.annotation.InjectionMetadata.inject(InjectionMetadata.java:88)
	at org.springframework.beans.factory.annotation.AutowiredAnnotationBeanPostProcessor.postProcessPropertyValues(AutowiredAnnotationBeanPostProcessor.java:366)
	at org.springframework.beans.factory.support.AbstractAutowireCapableBeanFactory.populateBean(AbstractAutowireCapableBeanFactory.java:1264)
	at org.springframework.beans.factory.support.AbstractAutowireCapableBeanFactory.doCreateBean(AbstractAutowireCapableBeanFactory.java:553)
	at org.springframework.beans.factory.support.AbstractAutowireCapableBeanFactory.createBean(AbstractAutowireCapableBeanFactory.java:483)
	at org.springframework.beans.factory.support.AbstractBeanFactory$1.getObject(AbstractBeanFactory.java:306)
	at org.springframework.beans.factory.support.DefaultSingletonBeanRegistry.getSingleton(DefaultSingletonBeanRegistry.java:230)
	at org.springframework.beans.factory.support.AbstractBeanFactory.doGetBean(AbstractBeanFactory.java:302)
	at org.springframework.beans.factory.support.AbstractBeanFactory.getBean(AbstractBeanFactory.java:197)
	at org.springframework.beans.factory.support.DefaultListableBeanFactory.preInstantiateSingletons(DefaultListableBeanFactory.java:761)
	at org.springframework.context.support.AbstractApplicationContext.finishBeanFactoryInitialization(AbstractApplicationContext.java:867)
	at org.springframework.context.support.AbstractApplicationContext.refresh(AbstractApplicationContext.java:543)
	at org.springframework.boot.SpringApplication.refresh(SpringApplication.java:693)
	at org.springframework.boot.SpringApplication.refreshContext(SpringApplication.java:360)
	at org.springframework.boot.SpringApplication.run(SpringApplication.java:303)
	at org.springframework.boot.test.context.SpringBootContextLoader.loadContext(SpringBootContextLoader.java:120)
	at org.springframework.test.context.cache.DefaultCacheAwareContextLoaderDelegate.loadContextInternal(DefaultCacheAwareContextLoaderDelegate.java:98)
	at org.springframework.test.context.cache.DefaultCacheAwareContextLoaderDelegate.loadContext(DefaultCacheAwareContextLoaderDelegate.java:116)
	at org.springframework.test.context.support.DefaultTestContext.getApplicationContext(DefaultTestContext.java:83)
	at org.springframework.test.context.web.ServletTestExecutionListener.setUpRequestContextIfNecessary(ServletTestExecutionListener.java:189)
	at org.springframework.test.context.web.ServletTestExecutionListener.prepareTestInstance(ServletTestExecutionListener.java:131)
	at org.springframework.test.context.TestContextManager.prepareTestInstance(TestContextManager.java:230)
	at org.springframework.test.context.junit4.SpringJUnit4ClassRunner.createTest(SpringJUnit4ClassRunner.java:228)
	at org.springframework.test.context.junit4.SpringJUnit4ClassRunner$1.runReflectiveCall(SpringJUnit4ClassRunner.java:287)
	at org.junit.internal.runners.model.ReflectiveCallable.run(ReflectiveCallable.java:12)
	at org.springframework.test.context.junit4.SpringJUnit4ClassRunner.methodBlock(SpringJUnit4ClassRunner.java:289)
	at org.springframework.test.context.junit4.SpringJUnit4ClassRunner.runChild(SpringJUnit4ClassRunner.java:247)
	at org.springframework.test.context.junit4.SpringJUnit4ClassRunner.runChild(SpringJUnit4ClassRunner.java:94)
	at org.junit.runners.ParentRunner$3.run(ParentRunner.java:290)
	at org.junit.runners.ParentRunner$1.schedule(ParentRunner.java:71)
	at org.junit.runners.ParentRunner.runChildren(ParentRunner.java:288)
	at org.junit.runners.ParentRunner.access$000(ParentRunner.java:58)
	at org.junit.runners.ParentRunner$2.evaluate(ParentRunner.java:268)
	at org.springframework.test.context.junit4.statements.RunBeforeTestClassCallbacks.evaluate(RunBeforeTestClassCallbacks.java:61)
	at org.springframework.test.context.junit4.statements.RunAfterTestClassCallbacks.evaluate(RunAfterTestClassCallbacks.java:70)
	at org.junit.runners.ParentRunner.run(ParentRunner.java:363)
	at org.springframework.test.context.junit4.SpringJUnit4ClassRunner.run(SpringJUnit4ClassRunner.java:191)
	at org.apache.maven.surefire.junit4.JUnit4Provider.execute(JUnit4Provider.java:283)
	at org.apache.maven.surefire.junit4.JUnit4Provider.executeWithRerun(JUnit4Provider.java:173)
	at org.apache.maven.surefire.junit4.JUnit4Provider.executeTestSet(JUnit4Provider.java:153)
	at org.apache.maven.surefire.junit4.JUnit4Provider.invoke(JUnit4Provider.java:128)
	at org.apache.maven.surefire.booter.ForkedBooter.invokeProviderInSameClassLoader(ForkedBooter.java:203)
	at org.apache.maven.surefire.booter.ForkedBooter.runSuitesInProcess(ForkedBooter.java:155)
	at org.apache.maven.surefire.booter.ForkedBooter.main(ForkedBooter.java:103)
Caused by: org.springframework.beans.factory.UnsatisfiedDependencyException: Error creating bean with name 'securityServiceImpl': Unsatisfied dependency expressed through field 'authenticationManager'; nested exception is org.springframework.beans.factory.NoSuchBeanDefinitionException: No qualifying bean of type 'org.springframework.security.authentication.AuthenticationManager' available: expected at least 1 bean which qualifies as autowire candidate. Dependency annotations: {@org.springframework.beans.factory.annotation.Autowired(required=true)}
	at org.springframework.beans.factory.annotation.AutowiredAnnotationBeanPostProcessor$AutowiredFieldElement.inject(AutowiredAnnotationBeanPostProcessor.java:588)
	at org.springframework.beans.factory.annotation.InjectionMetadata.inject(InjectionMetadata.java:88)
	at org.springframework.beans.factory.annotation.AutowiredAnnotationBeanPostProcessor.postProcessPropertyValues(AutowiredAnnotationBeanPostProcessor.java:366)
	at org.springframework.beans.factory.support.AbstractAutowireCapableBeanFactory.populateBean(AbstractAutowireCapableBeanFactory.java:1264)
	at org.springframework.beans.factory.support.AbstractAutowireCapableBeanFactory.doCreateBean(AbstractAutowireCapableBeanFactory.java:553)
	at org.springframework.beans.factory.support.AbstractAutowireCapableBeanFactory.createBean(AbstractAutowireCapableBeanFactory.java:483)
	at org.springframework.beans.factory.support.AbstractBeanFactory$1.getObject(AbstractBeanFactory.java:306)
	at org.springframework.beans.factory.support.DefaultSingletonBeanRegistry.getSingleton(DefaultSingletonBeanRegistry.java:230)
	at org.springframework.beans.factory.support.AbstractBeanFactory.doGetBean(AbstractBeanFactory.java:302)
	at org.springframework.beans.factory.support.AbstractBeanFactory.getBean(AbstractBeanFactory.java:202)
	at org.springframework.beans.factory.config.DependencyDescriptor.resolveCandidate(DependencyDescriptor.java:208)
	at org.springframework.beans.factory.support.DefaultListableBeanFactory.doResolveDependency(DefaultListableBeanFactory.java:1138)
	at org.springframework.beans.factory.support.DefaultListableBeanFactory.resolveDependency(DefaultListableBeanFactory.java:1066)
	at org.springframework.beans.factory.annotation.AutowiredAnnotationBeanPostProcessor$AutowiredFieldElement.inject(AutowiredAnnotationBeanPostProcessor.java:585)
	at org.springframework.beans.factory.annotation.InjectionMetadata.inject(InjectionMetadata.java:88)
	at org.springframework.beans.factory.annotation.AutowiredAnnotationBeanPostProcessor.postProcessPropertyValues(AutowiredAnnotationBeanPostProcessor.java:366)
	at org.springframework.beans.factory.support.AbstractAutowireCapableBeanFactory.populateBean(AbstractAutowireCapableBeanFactory.java:1264)
	at org.springframework.beans.factory.support.AbstractAutowireCapableBeanFactory.doCreateBean(AbstractAutowireCapableBeanFactory.java:553)
	at org.springframework.beans.factory.support.AbstractAutowireCapableBeanFactory.createBean(AbstractAutowireCapableBeanFactory.java:483)
	at org.springframework.beans.factory.support.AbstractBeanFactory$1.getObject(AbstractBeanFactory.java:306)
	at org.springframework.beans.factory.support.DefaultSingletonBeanRegistry.getSingleton(DefaultSingletonBeanRegistry.java:230)
	at org.springframework.beans.factory.support.AbstractBeanFactory.doGetBean(AbstractBeanFactory.java:302)
	at org.springframework.beans.factory.support.AbstractBeanFactory.getBean(AbstractBeanFactory.java:197)
	at org.springframework.beans.factory.support.DefaultListableBeanFactory.preInstantiateSingletons(DefaultListableBeanFactory.java:761)
	at org.springframework.context.support.AbstractApplicationContext.finishBeanFactoryInitialization(AbstractApplicationContext.java:867)
	at org.springframework.context.support.AbstractApplicationContext.refresh(AbstractApplicationContext.java:543)
	at org.springframework.boot.SpringApplication.refresh(SpringApplication.java:693)
	at org.springframework.boot.SpringApplication.refreshContext(SpringApplication.java:360)
	at org.springframework.boot.SpringApplication.run(SpringApplication.java:303)
	at org.springframework.boot.test.context.SpringBootContextLoader.loadContext(SpringBootContextLoader.java:120)
	at org.springframework.test.context.cache.DefaultCacheAwareContextLoaderDelegate.loadContextInternal(DefaultCacheAwareContextLoaderDelegate.java:98)
	at org.springframework.test.context.cache.DefaultCacheAwareContextLoaderDelegate.loadContext(DefaultCacheAwareContextLoaderDelegate.java:116)
	at org.springframework.test.context.support.DefaultTestContext.getApplicationContext(DefaultTestContext.java:83)
	at org.springframework.test.context.web.ServletTestExecutionListener.setUpRequestContextIfNecessary(ServletTestExecutionListener.java:189)
	at org.springframework.test.context.web.ServletTestExecutionListener.prepareTestInstance(ServletTestExecutionListener.java:131)
	at org.springframework.test.context.TestContextManager.prepareTestInstance(TestContextManager.java:230)
	at org.springframework.test.context.junit4.SpringJUnit4ClassRunner.createTest(SpringJUnit4ClassRunner.java:228)
	at org.springframework.test.context.junit4.SpringJUnit4ClassRunner$1.runReflectiveCall(SpringJUnit4ClassRunner.java:287)
	at org.junit.internal.runners.model.ReflectiveCallable.run(ReflectiveCallable.java:12)
	at org.springframework.test.context.junit4.SpringJUnit4ClassRunner.methodBlock(SpringJUnit4ClassRunner.java:289)
	at org.springframework.test.context.junit4.SpringJUnit4ClassRunner.runChild(SpringJUnit4ClassRunner.java:247)
	at org.springframework.test.context.junit4.SpringJUnit4ClassRunner.runChild(SpringJUnit4ClassRunner.java:94)
	at org.junit.runners.ParentRunner$3.run(ParentRunner.java:290)
	at org.junit.runners.ParentRunner$1.schedule(ParentRunner.java:71)
	at org.junit.runners.ParentRunner.runChildren(ParentRunner.java:288)
	at org.junit.runners.ParentRunner.access$000(ParentRunner.java:58)
	at org.junit.runners.ParentRunner$2.evaluate(ParentRunner.java:268)
	at org.springframework.test.context.junit4.statements.RunBeforeTestClassCallbacks.evaluate(RunBeforeTestClassCallbacks.java:61)
	at org.springframework.test.context.junit4.statements.RunAfterTestClassCallbacks.evaluate(RunAfterTestClassCallbacks.java:70)
	at org.junit.runners.ParentRunner.run(ParentRunner.java:363)
	at org.springframework.test.context.junit4.SpringJUnit4ClassRunner.run(SpringJUnit4ClassRunner.java:191)
	at org.apache.maven.surefire.junit4.JUnit4Provider.execute(JUnit4Provider.java:283)
	at org.apache.maven.surefire.junit4.JUnit4Provider.executeWithRerun(JUnit4Provider.java:173)
	at org.apache.maven.surefire.junit4.JUnit4Provider.executeTestSet(JUnit4Provider.java:153)
	at org.apache.maven.surefire.junit4.JUnit4Provider.invoke(JUnit4Provider.java:128)
	at org.apache.maven.surefire.booter.ForkedBooter.invokeProviderInSameClassLoader(ForkedBooter.java:203)
	at org.apache.maven.surefire.booter.ForkedBooter.runSuitesInProcess(ForkedBooter.java:155)
	at org.apache.maven.surefire.booter.ForkedBooter.main(ForkedBooter.java:103)
Caused by: org.springframework.beans.factory.NoSuchBeanDefinitionException: No qualifying bean of type 'org.springframework.security.authentication.AuthenticationManager' available: expected at least 1 bean which qualifies as autowire candidate. Dependency annotations: {@org.springframework.beans.factory.annotation.Autowired(required=true)}
	at org.springframework.beans.factory.support.DefaultListableBeanFactory.raiseNoMatchingBeanFound(DefaultListableBeanFactory.java:1493)
	at org.springframework.beans.factory.support.DefaultListableBeanFactory.doResolveDependency(DefaultListableBeanFactory.java:1104)
	at org.springframework.beans.factory.support.DefaultListableBeanFactory.resolveDependency(DefaultListableBeanFactory.java:1066)
	at org.springframework.beans.factory.annotation.AutowiredAnnotationBeanPostProcessor$AutowiredFieldElement.inject(AutowiredAnnotationBeanPostProcessor.java:585)
	at org.springframework.beans.factory.annotation.InjectionMetadata.inject(InjectionMetadata.java:88)
	at org.springframework.beans.factory.annotation.AutowiredAnnotationBeanPostProcessor.postProcessPropertyValues(AutowiredAnnotationBeanPostProcessor.java:366)
	at org.springframework.beans.factory.support.AbstractAutowireCapableBeanFactory.populateBean(AbstractAutowireCapableBeanFactory.java:1264)
	at org.springframework.beans.factory.support.AbstractAutowireCapableBeanFactory.doCreateBean(AbstractAutowireCapableBeanFactory.java:553)
	at org.springframework.beans.factory.support.AbstractAutowireCapableBeanFactory.createBean(AbstractAutowireCapableBeanFactory.java:483)
	at org.springframework.beans.factory.support.AbstractBeanFactory$1.getObject(AbstractBeanFactory.java:306)
	at org.springframework.beans.factory.support.DefaultSingletonBeanRegistry.getSingleton(DefaultSingletonBeanRegistry.java:230)
	at org.springframework.beans.factory.support.AbstractBeanFactory.doGetBean(AbstractBeanFactory.java:302)
	at org.springframework.beans.factory.support.AbstractBeanFactory.getBean(AbstractBeanFactory.java:202)
	at org.springframework.beans.factory.config.DependencyDescriptor.resolveCandidate(DependencyDescriptor.java:208)
	at org.springframework.beans.factory.support.DefaultListableBeanFactory.doResolveDependency(DefaultListableBeanFactory.java:1138)
	at org.springframework.beans.factory.support.DefaultListableBeanFactory.resolveDependency(DefaultListableBeanFactory.java:1066)
	at org.springframework.beans.factory.annotation.AutowiredAnnotationBeanPostProcessor$AutowiredFieldElement.inject(AutowiredAnnotationBeanPostProcessor.java:585)
	at org.springframework.beans.factory.annotation.InjectionMetadata.inject(InjectionMetadata.java:88)
	at org.springframework.beans.factory.annotation.AutowiredAnnotationBeanPostProcessor.postProcessPropertyValues(AutowiredAnnotationBeanPostProcessor.java:366)
	at org.springframework.beans.factory.support.AbstractAutowireCapableBeanFactory.populateBean(AbstractAutowireCapableBeanFactory.java:1264)
	at org.springframework.beans.factory.support.AbstractAutowireCapableBeanFactory.doCreateBean(AbstractAutowireCapableBeanFactory.java:553)
	at org.springframework.beans.factory.support.AbstractAutowireCapableBeanFactory.createBean(AbstractAutowireCapableBeanFactory.java:483)
	at org.springframework.beans.factory.support.AbstractBeanFactory$1.getObject(AbstractBeanFactory.java:306)
	at org.springframework.beans.factory.support.DefaultSingletonBeanRegistry.getSingleton(DefaultSingletonBeanRegistry.java:230)
	at org.springframework.beans.factory.support.AbstractBeanFactory.doGetBean(AbstractBeanFactory.java:302)
	at org.springframework.beans.factory.support.AbstractBeanFactory.getBean(AbstractBeanFactory.java:197)
	at org.springframework.beans.factory.support.DefaultListableBeanFactory.preInstantiateSingletons(DefaultListableBeanFactory.java:761)
	at org.springframework.context.support.AbstractApplicationContext.finishBeanFactoryInitialization(AbstractApplicationContext.java:867)
	at org.springframework.context.support.AbstractApplicationContext.refresh(AbstractApplicationContext.java:543)
	at org.springframework.boot.SpringApplication.refresh(SpringApplication.java:693)
	at org.springframework.boot.SpringApplication.refreshContext(SpringApplication.java:360)
	at org.springframework.boot.SpringApplication.run(SpringApplication.java:303)
	at org.springframework.boot.test.context.SpringBootContextLoader.loadContext(SpringBootContextLoader.java:120)
	at org.springframework.test.context.cache.DefaultCacheAwareContextLoaderDelegate.loadContextInternal(DefaultCacheAwareContextLoaderDelegate.java:98)
	at org.springframework.test.context.cache.DefaultCacheAwareContextLoaderDelegate.loadContext(DefaultCacheAwareContextLoaderDelegate.java:116)
	at org.springframework.test.context.support.DefaultTestContext.getApplicationContext(DefaultTestContext.java:83)
	at org.springframework.test.context.web.ServletTestExecutionListener.setUpRequestContextIfNecessary(ServletTestExecutionListener.java:189)
	at org.springframework.test.context.web.ServletTestExecutionListener.prepareTestInstance(ServletTestExecutionListener.java:131)
	at org.springframework.test.context.TestContextManager.prepareTestInstance(TestContextManager.java:230)
	at org.springframework.test.context.junit4.SpringJUnit4ClassRunner.createTest(SpringJUnit4ClassRunner.java:228)
	at org.springframework.test.context.junit4.SpringJUnit4ClassRunner$1.runReflectiveCall(SpringJUnit4ClassRunner.java:287)
	at org.junit.internal.runners.model.ReflectiveCallable.run(ReflectiveCallable.java:12)
	at org.springframework.test.context.junit4.SpringJUnit4ClassRunner.methodBlock(SpringJUnit4ClassRunner.java:289)
	at org.springframework.test.context.junit4.SpringJUnit4ClassRunner.runChild(SpringJUnit4ClassRunner.java:247)
	at org.springframework.test.context.junit4.SpringJUnit4ClassRunner.runChild(SpringJUnit4ClassRunner.java:94)
	at org.junit.runners.ParentRunner$3.run(ParentRunner.java:290)
	at org.junit.runners.ParentRunner$1.schedule(ParentRunner.java:71)
	at org.junit.runners.ParentRunner.runChildren(ParentRunner.java:288)
	at org.junit.runners.ParentRunner.access$000(ParentRunner.java:58)
	at org.junit.runners.ParentRunner$2.evaluate(ParentRunner.java:268)
	at org.springframework.test.context.junit4.statements.RunBeforeTestClassCallbacks.evaluate(RunBeforeTestClassCallbacks.java:61)
	at org.springframework.test.context.junit4.statements.RunAfterTestClassCallbacks.evaluate(RunAfterTestClassCallbacks.java:70)
	at org.junit.runners.ParentRunner.run(ParentRunner.java:363)
	at org.springframework.test.context.junit4.SpringJUnit4ClassRunner.run(SpringJUnit4ClassRunner.java:191)
	at org.apache.maven.surefire.junit4.JUnit4Provider.execute(JUnit4Provider.java:283)
	at org.apache.maven.surefire.junit4.JUnit4Provider.executeWithRerun(JUnit4Provider.java:173)
	at org.apache.maven.surefire.junit4.JUnit4Provider.executeTestSet(JUnit4Provider.java:153)
	at org.apache.maven.surefire.junit4.JUnit4Provider.invoke(JUnit4Provider.java:128)
	at org.apache.maven.surefire.booter.ForkedBooter.invokeProviderInSameClassLoader(ForkedBooter.java:203)
	at org.apache.maven.surefire.booter.ForkedBooter.runSuitesInProcess(ForkedBooter.java:155)
	at org.apache.maven.surefire.booter.ForkedBooter.main(ForkedBooter.java:103)
</error>
    <system-out><![CDATA[14:59:43.118 [main] DEBUG org.springframework.test.context.junit4.SpringJUnit4ClassRunner - SpringJUnit4ClassRunner constructor called with [class br.biblioteca.livros.LivrosApplicationTests]
14:59:43.129 [main] DEBUG org.springframework.test.context.BootstrapUtils - Instantiating CacheAwareContextLoaderDelegate from class [org.springframework.test.context.cache.DefaultCacheAwareContextLoaderDelegate]
14:59:43.141 [main] DEBUG org.springframework.test.context.BootstrapUtils - Instantiating BootstrapContext using constructor [public org.springframework.test.context.support.DefaultBootstrapContext(java.lang.Class,org.springframework.test.context.CacheAwareContextLoaderDelegate)]
14:59:43.163 [main] DEBUG org.springframework.test.context.BootstrapUtils - Instantiating TestContextBootstrapper for test class [br.biblioteca.livros.LivrosApplicationTests] from class [org.springframework.boot.test.context.SpringBootTestContextBootstrapper]
14:59:43.177 [main] INFO org.springframework.boot.test.context.SpringBootTestContextBootstrapper - Neither @ContextConfiguration nor @ContextHierarchy found for test class [br.biblioteca.livros.LivrosApplicationTests], using SpringBootContextLoader
14:59:43.181 [main] DEBUG org.springframework.test.context.support.AbstractContextLoader - Did not detect default resource location for test class [br.biblioteca.livros.LivrosApplicationTests]: class path resource [br/biblioteca/livros/LivrosApplicationTests-context.xml] does not exist
14:59:43.181 [main] DEBUG org.springframework.test.context.support.AbstractContextLoader - Did not detect default resource location for test class [br.biblioteca.livros.LivrosApplicationTests]: class path resource [br/biblioteca/livros/LivrosApplicationTestsContext.groovy] does not exist
14:59:43.182 [main] INFO org.springframework.test.context.support.AbstractContextLoader - Could not detect default resource locations for test class [br.biblioteca.livros.LivrosApplicationTests]: no resource found for suffixes {-context.xml, Context.groovy}.
14:59:43.183 [main] INFO org.springframework.test.context.support.AnnotationConfigContextLoaderUtils - Could not detect default configuration classes for test class [br.biblioteca.livros.LivrosApplicationTests]: LivrosApplicationTests does not declare any static, non-private, non-final, nested classes annotated with @Configuration.
14:59:43.226 [main] DEBUG org.springframework.test.context.support.ActiveProfilesUtils - Could not find an 'annotation declaring class' for annotation type [org.springframework.test.context.ActiveProfiles] and class [br.biblioteca.livros.LivrosApplicationTests]
14:59:43.239 [main] DEBUG org.springframework.core.env.StandardEnvironment - Adding PropertySource 'systemProperties' with lowest search precedence
14:59:43.241 [main] DEBUG org.springframework.core.env.StandardEnvironment - Adding PropertySource 'systemEnvironment' with lowest search precedence
14:59:43.242 [main] DEBUG org.springframework.core.env.StandardEnvironment - Initialized StandardEnvironment with PropertySources [MapPropertySource@2104545713 {name='systemProperties', properties={java.runtime.name=OpenJDK Runtime Environment, sun.boot.library.path=/usr/lib/jvm/java-8-openjdk-amd64/jre/lib/amd64, java.vm.version=25.151-b12, java.vm.vendor=Oracle Corporation, java.vendor.url=http://java.oracle.com/, path.separator=:, java.vm.name=OpenJDK 64-Bit Server VM, file.encoding.pkg=sun.io, user.country=US, sun.java.launcher=SUN_STANDARD, sun.os.patch.level=unknown, java.vm.specification.name=Java Virtual Machine Specification, user.dir=/home/andre/Documents/Projetos/Pós Graduação/Java Avançado/biblioteca, java.runtime.version=1.8.0_151-8u151-b12-0ubuntu0.16.04.2-b12, basedir=/home/andre/Documents/Projetos/Pós Graduação/Java Avançado/biblioteca, java.awt.graphicsenv=sun.awt.X11GraphicsEnvironment, java.endorsed.dirs=/usr/lib/jvm/java-8-openjdk-amd64/jre/lib/endorsed, os.arch=amd64, surefire.real.class.path=/home/andre/Documents/Projetos/Pós Graduação/Java Avançado/biblioteca/target/surefire/surefirebooter5700725942900927571.jar, java.io.tmpdir=/tmp, line.separator=
, java.vm.specification.vendor=Oracle Corporation, os.name=Linux, sun.jnu.encoding=UTF-8, java.library.path=/usr/java/packages/lib/amd64:/usr/lib/x86_64-linux-gnu/jni:/lib/x86_64-linux-gnu:/usr/lib/x86_64-linux-gnu:/usr/lib/jni:/lib:/usr/lib, surefire.test.class.path=/home/andre/Documents/Projetos/Pós Graduação/Java Avançado/biblioteca/target/test-classes:/home/andre/Documents/Projetos/Pós Graduação/Java Avançado/biblioteca/target/classes:/home/andre/.m2/repository/org/springframework/boot/spring-boot-starter-data-jpa/1.5.9.RELEASE/spring-boot-starter-data-jpa-1.5.9.RELEASE.jar:/home/andre/.m2/repository/org/springframework/boot/spring-boot-starter/1.5.9.RELEASE/spring-boot-starter-1.5.9.RELEASE.jar:/home/andre/.m2/repository/org/springframework/boot/spring-boot-starter-logging/1.5.9.RELEASE/spring-boot-starter-logging-1.5.9.RELEASE.jar:/home/andre/.m2/repository/ch/qos/logback/logback-classic/1.1.11/logback-classic-1.1.11.jar:/home/andre/.m2/repository/ch/qos/logback/logback-core/1.1.11/logback-core-1.1.11.jar:/home/andre/.m2/repository/org/slf4j/jul-to-slf4j/1.7.25/jul-to-slf4j-1.7.25.jar:/home/andre/.m2/repository/org/slf4j/log4j-over-slf4j/1.7.25/log4j-over-slf4j-1.7.25.jar:/home/andre/.m2/repository/org/yaml/snakeyaml/1.17/snakeyaml-1.17.jar:/home/andre/.m2/repository/org/springframework/boot/spring-boot-starter-aop/1.5.9.RELEASE/spring-boot-starter-aop-1.5.9.RELEASE.jar:/home/andre/.m2/repository/org/aspectj/aspectjweaver/1.8.13/aspectjweaver-1.8.13.jar:/home/andre/.m2/repository/org/springframework/boot/spring-boot-starter-jdbc/1.5.9.RELEASE/spring-boot-starter-jdbc-1.5.9.RELEASE.jar:/home/andre/.m2/repository/org/apache/tomcat/tomcat-jdbc/8.5.23/tomcat-jdbc-8.5.23.jar:/home/andre/.m2/repository/org/apache/tomcat/tomcat-juli/8.5.23/tomcat-juli-8.5.23.jar:/home/andre/.m2/repository/org/springframework/spring-jdbc/4.3.13.RELEASE/spring-jdbc-4.3.13.RELEASE.jar:/home/andre/.m2/repository/org/hibernate/hibernate-core/5.0.12.Final/hibernate-core-5.0.12.Final.jar:/home/andre/.m2/repository/org/jboss/logging/jboss-logging/3.3.1.Final/jboss-logging-3.3.1.Final.jar:/home/andre/.m2/repository/org/hibernate/javax/persistence/hibernate-jpa-2.1-api/1.0.0.Final/hibernate-jpa-2.1-api-1.0.0.Final.jar:/home/andre/.m2/repository/org/javassist/javassist/3.21.0-GA/javassist-3.21.0-GA.jar:/home/andre/.m2/repository/antlr/antlr/2.7.7/antlr-2.7.7.jar:/home/andre/.m2/repository/org/jboss/jandex/2.0.0.Final/jandex-2.0.0.Final.jar:/home/andre/.m2/repository/dom4j/dom4j/1.6.1/dom4j-1.6.1.jar:/home/andre/.m2/repository/org/hibernate/common/hibernate-commons-annotations/5.0.1.Final/hibernate-commons-annotations-5.0.1.Final.jar:/home/andre/.m2/repository/org/hibernate/hibernate-entitymanager/5.0.12.Final/hibernate-entitymanager-5.0.12.Final.jar:/home/andre/.m2/repository/javax/transaction/javax.transaction-api/1.2/javax.transaction-api-1.2.jar:/home/andre/.m2/repository/org/springframework/data/spring-data-jpa/1.11.9.RELEASE/spring-data-jpa-1.11.9.RELEASE.jar:/home/andre/.m2/repository/org/springframework/data/spring-data-commons/1.13.9.RELEASE/spring-data-commons-1.13.9.RELEASE.jar:/home/andre/.m2/repository/org/springframework/spring-orm/4.3.13.RELEASE/spring-orm-4.3.13.RELEASE.jar:/home/andre/.m2/repository/org/springframework/spring-tx/4.3.13.RELEASE/spring-tx-4.3.13.RELEASE.jar:/home/andre/.m2/repository/org/slf4j/jcl-over-slf4j/1.7.25/jcl-over-slf4j-1.7.25.jar:/home/andre/.m2/repository/org/springframework/spring-aspects/4.3.13.RELEASE/spring-aspects-4.3.13.RELEASE.jar:/home/andre/.m2/repository/org/springframework/boot/spring-boot-starter-security/1.5.9.RELEASE/spring-boot-starter-security-1.5.9.RELEASE.jar:/home/andre/.m2/repository/org/springframework/spring-aop/4.3.13.RELEASE/spring-aop-4.3.13.RELEASE.jar:/home/andre/.m2/repository/org/springframework/security/spring-security-config/4.2.3.RELEASE/spring-security-config-4.2.3.RELEASE.jar:/home/andre/.m2/repository/org/springframework/security/spring-security-web/4.2.3.RELEASE/spring-security-web-4.2.3.RELEASE.jar:/home/andre/.m2/repository/org/springframework/boot/spring-boot-starter-web/1.5.9.RELEASE/spring-boot-starter-web-1.5.9.RELEASE.jar:/home/andre/.m2/repository/org/springframework/boot/spring-boot-starter-tomcat/1.5.9.RELEASE/spring-boot-starter-tomcat-1.5.9.RELEASE.jar:/home/andre/.m2/repository/org/apache/tomcat/embed/tomcat-embed-core/8.5.23/tomcat-embed-core-8.5.23.jar:/home/andre/.m2/repository/org/apache/tomcat/tomcat-annotations-api/8.5.23/tomcat-annotations-api-8.5.23.jar:/home/andre/.m2/repository/org/apache/tomcat/embed/tomcat-embed-el/8.5.23/tomcat-embed-el-8.5.23.jar:/home/andre/.m2/repository/org/apache/tomcat/embed/tomcat-embed-websocket/8.5.23/tomcat-embed-websocket-8.5.23.jar:/home/andre/.m2/repository/org/hibernate/hibernate-validator/5.3.6.Final/hibernate-validator-5.3.6.Final.jar:/home/andre/.m2/repository/javax/validation/validation-api/1.1.0.Final/validation-api-1.1.0.Final.jar:/home/andre/.m2/repository/com/fasterxml/classmate/1.3.4/classmate-1.3.4.jar:/home/andre/.m2/repository/com/fasterxml/jackson/core/jackson-databind/2.8.10/jackson-databind-2.8.10.jar:/home/andre/.m2/repository/com/fasterxml/jackson/core/jackson-annotations/2.8.0/jackson-annotations-2.8.0.jar:/home/andre/.m2/repository/com/fasterxml/jackson/core/jackson-core/2.8.10/jackson-core-2.8.10.jar:/home/andre/.m2/repository/org/springframework/spring-web/4.3.13.RELEASE/spring-web-4.3.13.RELEASE.jar:/home/andre/.m2/repository/org/springframework/spring-webmvc/4.3.13.RELEASE/spring-webmvc-4.3.13.RELEASE.jar:/home/andre/.m2/repository/org/springframework/boot/spring-boot-devtools/1.5.9.RELEASE/spring-boot-devtools-1.5.9.RELEASE.jar:/home/andre/.m2/repository/org/springframework/boot/spring-boot/1.5.9.RELEASE/spring-boot-1.5.9.RELEASE.jar:/home/andre/.m2/repository/org/springframework/boot/spring-boot-autoconfigure/1.5.9.RELEASE/spring-boot-autoconfigure-1.5.9.RELEASE.jar:/home/andre/.m2/repository/org/hsqldb/hsqldb/2.3.5/hsqldb-2.3.5.jar:/home/andre/.m2/repository/org/springframework/boot/spring-boot-starter-test/1.5.9.RELEASE/spring-boot-starter-test-1.5.9.RELEASE.jar:/home/andre/.m2/repository/org/springframework/boot/spring-boot-test/1.5.9.RELEASE/spring-boot-test-1.5.9.RELEASE.jar:/home/andre/.m2/repository/org/springframework/boot/spring-boot-test-autoconfigure/1.5.9.RELEASE/spring-boot-test-autoconfigure-1.5.9.RELEASE.jar:/home/andre/.m2/repository/com/jayway/jsonpath/json-path/2.2.0/json-path-2.2.0.jar:/home/andre/.m2/repository/net/minidev/json-smart/2.2.1/json-smart-2.2.1.jar:/home/andre/.m2/repository/net/minidev/accessors-smart/1.1/accessors-smart-1.1.jar:/home/andre/.m2/repository/org/ow2/asm/asm/5.0.3/asm-5.0.3.jar:/home/andre/.m2/repository/junit/junit/4.12/junit-4.12.jar:/home/andre/.m2/repository/org/assertj/assertj-core/2.6.0/assertj-core-2.6.0.jar:/home/andre/.m2/repository/org/mockito/mockito-core/1.10.19/mockito-core-1.10.19.jar:/home/andre/.m2/repository/org/objenesis/objenesis/2.1/objenesis-2.1.jar:/home/andre/.m2/repository/org/hamcrest/hamcrest-core/1.3/hamcrest-core-1.3.jar:/home/andre/.m2/repository/org/hamcrest/hamcrest-library/1.3/hamcrest-library-1.3.jar:/home/andre/.m2/repository/org/skyscreamer/jsonassert/1.4.0/jsonassert-1.4.0.jar:/home/andre/.m2/repository/com/vaadin/external/google/android-json/0.0.20131108.vaadin1/android-json-0.0.20131108.vaadin1.jar:/home/andre/.m2/repository/org/springframework/spring-core/4.3.13.RELEASE/spring-core-4.3.13.RELEASE.jar:/home/andre/.m2/repository/org/springframework/spring-test/4.3.13.RELEASE/spring-test-4.3.13.RELEASE.jar:/home/andre/.m2/repository/org/springframework/security/spring-security-test/4.2.3.RELEASE/spring-security-test-4.2.3.RELEASE.jar:/home/andre/.m2/repository/org/springframework/security/spring-security-core/4.2.3.RELEASE/spring-security-core-4.2.3.RELEASE.jar:/home/andre/.m2/repository/aopalliance/aopalliance/1.0/aopalliance-1.0.jar:/home/andre/.m2/repository/org/springframework/boot/spring-boot-starter-thymeleaf/1.5.9.RELEASE/spring-boot-starter-thymeleaf-1.5.9.RELEASE.jar:/home/andre/.m2/repository/org/thymeleaf/thymeleaf-spring4/3.0.3.RELEASE/thymeleaf-spring4-3.0.3.RELEASE.jar:/home/andre/.m2/repository/org/thymeleaf/thymeleaf/3.0.3.RELEASE/thymeleaf-3.0.3.RELEASE.jar:/home/andre/.m2/repository/org/attoparser/attoparser/2.0.2.RELEASE/attoparser-2.0.2.RELEASE.jar:/home/andre/.m2/repository/org/unbescape/unbescape/1.1.4.RELEASE/unbescape-1.1.4.RELEASE.jar:/home/andre/.m2/repository/nz/net/ultraq/thymeleaf/thymeleaf-layout-dialect/2.1.1/thymeleaf-layout-dialect-2.1.1.jar:/home/andre/.m2/repository/org/codehaus/groovy/groovy/2.4.13/groovy-2.4.13.jar:/home/andre/.m2/repository/nz/net/ultraq/thymeleaf/thymeleaf-expression-processor/1.1.2/thymeleaf-expression-processor-1.1.2.jar:/home/andre/.m2/repository/org/webjars/bootstrap/3.3.7-1/bootstrap-3.3.7-1.jar:/home/andre/.m2/repository/org/webjars/jquery/3.1.1/jquery-3.1.1.jar:/home/andre/.m2/repository/org/thymeleaf/extras/thymeleaf-extras-springsecurity4/2.1.3.RELEASE/thymeleaf-extras-springsecurity4-2.1.3.RELEASE.jar:/home/andre/.m2/repository/org/slf4j/slf4j-api/1.7.25/slf4j-api-1.7.25.jar:/home/andre/.m2/repository/org/springframework/security/spring-security-taglibs/4.2.3.RELEASE/spring-security-taglibs-4.2.3.RELEASE.jar:/home/andre/.m2/repository/org/springframework/security/spring-security-acl/4.2.3.RELEASE/spring-security-acl-4.2.3.RELEASE.jar:/home/andre/.m2/repository/org/springframework/spring-beans/4.3.13.RELEASE/spring-beans-4.3.13.RELEASE.jar:/home/andre/.m2/repository/org/springframework/spring-context/4.3.13.RELEASE/spring-context-4.3.13.RELEASE.jar:/home/andre/.m2/repository/org/springframework/spring-expression/4.3.13.RELEASE/spring-expression-4.3.13.RELEASE.jar:, java.specification.name=Java Platform API Specification, java.class.version=52.0, sun.management.compiler=HotSpot 64-Bit Tiered Compilers, os.version=4.10.0-42-generic, user.home=/home/andre, user.timezone=America/Sao_Paulo, java.awt.printerjob=sun.print.PSPrinterJob, file.encoding=UTF-8, java.specification.version=1.8, java.class.path=/home/andre/Documents/Projetos/Pós Graduação/Java Avançado/biblioteca/target/test-classes:/home/andre/Documents/Projetos/Pós Graduação/Java Avançado/biblioteca/target/classes:/home/andre/.m2/repository/org/springframework/boot/spring-boot-starter-data-jpa/1.5.9.RELEASE/spring-boot-starter-data-jpa-1.5.9.RELEASE.jar:/home/andre/.m2/repository/org/springframework/boot/spring-boot-starter/1.5.9.RELEASE/spring-boot-starter-1.5.9.RELEASE.jar:/home/andre/.m2/repository/org/springframework/boot/spring-boot-starter-logging/1.5.9.RELEASE/spring-boot-starter-logging-1.5.9.RELEASE.jar:/home/andre/.m2/repository/ch/qos/logback/logback-classic/1.1.11/logback-classic-1.1.11.jar:/home/andre/.m2/repository/ch/qos/logback/logback-core/1.1.11/logback-core-1.1.11.jar:/home/andre/.m2/repository/org/slf4j/jul-to-slf4j/1.7.25/jul-to-slf4j-1.7.25.jar:/home/andre/.m2/repository/org/slf4j/log4j-over-slf4j/1.7.25/log4j-over-slf4j-1.7.25.jar:/home/andre/.m2/repository/org/yaml/snakeyaml/1.17/snakeyaml-1.17.jar:/home/andre/.m2/repository/org/springframework/boot/spring-boot-starter-aop/1.5.9.RELEASE/spring-boot-starter-aop-1.5.9.RELEASE.jar:/home/andre/.m2/repository/org/aspectj/aspectjweaver/1.8.13/aspectjweaver-1.8.13.jar:/home/andre/.m2/repository/org/springframework/boot/spring-boot-starter-jdbc/1.5.9.RELEASE/spring-boot-starter-jdbc-1.5.9.RELEASE.jar:/home/andre/.m2/repository/org/apache/tomcat/tomcat-jdbc/8.5.23/tomcat-jdbc-8.5.23.jar:/home/andre/.m2/repository/org/apache/tomcat/tomcat-juli/8.5.23/tomcat-juli-8.5.23.jar:/home/andre/.m2/repository/org/springframework/spring-jdbc/4.3.13.RELEASE/spring-jdbc-4.3.13.RELEASE.jar:/home/andre/.m2/repository/org/hibernate/hibernate-core/5.0.12.Final/hibernate-core-5.0.12.Final.jar:/home/andre/.m2/repository/org/jboss/logging/jboss-logging/3.3.1.Final/jboss-logging-3.3.1.Final.jar:/home/andre/.m2/repository/org/hibernate/javax/persistence/hibernate-jpa-2.1-api/1.0.0.Final/hibernate-jpa-2.1-api-1.0.0.Final.jar:/home/andre/.m2/repository/org/javassist/javassist/3.21.0-GA/javassist-3.21.0-GA.jar:/home/andre/.m2/repository/antlr/antlr/2.7.7/antlr-2.7.7.jar:/home/andre/.m2/repository/org/jboss/jandex/2.0.0.Final/jandex-2.0.0.Final.jar:/home/andre/.m2/repository/dom4j/dom4j/1.6.1/dom4j-1.6.1.jar:/home/andre/.m2/repository/org/hibernate/common/hibernate-commons-annotations/5.0.1.Final/hibernate-commons-annotations-5.0.1.Final.jar:/home/andre/.m2/repository/org/hibernate/hibernate-entitymanager/5.0.12.Final/hibernate-entitymanager-5.0.12.Final.jar:/home/andre/.m2/repository/javax/transaction/javax.transaction-api/1.2/javax.transaction-api-1.2.jar:/home/andre/.m2/repository/org/springframework/data/spring-data-jpa/1.11.9.RELEASE/spring-data-jpa-1.11.9.RELEASE.jar:/home/andre/.m2/repository/org/springframework/data/spring-data-commons/1.13.9.RELEASE/spring-data-commons-1.13.9.RELEASE.jar:/home/andre/.m2/repository/org/springframework/spring-orm/4.3.13.RELEASE/spring-orm-4.3.13.RELEASE.jar:/home/andre/.m2/repository/org/springframework/spring-tx/4.3.13.RELEASE/spring-tx-4.3.13.RELEASE.jar:/home/andre/.m2/repository/org/slf4j/jcl-over-slf4j/1.7.25/jcl-over-slf4j-1.7.25.jar:/home/andre/.m2/repository/org/springframework/spring-aspects/4.3.13.RELEASE/spring-aspects-4.3.13.RELEASE.jar:/home/andre/.m2/repository/org/springframework/boot/spring-boot-starter-security/1.5.9.RELEASE/spring-boot-starter-security-1.5.9.RELEASE.jar:/home/andre/.m2/repository/org/springframework/spring-aop/4.3.13.RELEASE/spring-aop-4.3.13.RELEASE.jar:/home/andre/.m2/repository/org/springframework/security/spring-security-config/4.2.3.RELEASE/spring-security-config-4.2.3.RELEASE.jar:/home/andre/.m2/repository/org/springframework/security/spring-security-web/4.2.3.RELEASE/spring-security-web-4.2.3.RELEASE.jar:/home/andre/.m2/repository/org/springframework/boot/spring-boot-starter-web/1.5.9.RELEASE/spring-boot-starter-web-1.5.9.RELEASE.jar:/home/andre/.m2/repository/org/springframework/boot/spring-boot-starter-tomcat/1.5.9.RELEASE/spring-boot-starter-tomcat-1.5.9.RELEASE.jar:/home/andre/.m2/repository/org/apache/tomcat/embed/tomcat-embed-core/8.5.23/tomcat-embed-core-8.5.23.jar:/home/andre/.m2/repository/org/apache/tomcat/tomcat-annotations-api/8.5.23/tomcat-annotations-api-8.5.23.jar:/home/andre/.m2/repository/org/apache/tomcat/embed/tomcat-embed-el/8.5.23/tomcat-embed-el-8.5.23.jar:/home/andre/.m2/repository/org/apache/tomcat/embed/tomcat-embed-websocket/8.5.23/tomcat-embed-websocket-8.5.23.jar:/home/andre/.m2/repository/org/hibernate/hibernate-validator/5.3.6.Final/hibernate-validator-5.3.6.Final.jar:/home/andre/.m2/repository/javax/validation/validation-api/1.1.0.Final/validation-api-1.1.0.Final.jar:/home/andre/.m2/repository/com/fasterxml/classmate/1.3.4/classmate-1.3.4.jar:/home/andre/.m2/repository/com/fasterxml/jackson/core/jackson-databind/2.8.10/jackson-databind-2.8.10.jar:/home/andre/.m2/repository/com/fasterxml/jackson/core/jackson-annotations/2.8.0/jackson-annotations-2.8.0.jar:/home/andre/.m2/repository/com/fasterxml/jackson/core/jackson-core/2.8.10/jackson-core-2.8.10.jar:/home/andre/.m2/repository/org/springframework/spring-web/4.3.13.RELEASE/spring-web-4.3.13.RELEASE.jar:/home/andre/.m2/repository/org/springframework/spring-webmvc/4.3.13.RELEASE/spring-webmvc-4.3.13.RELEASE.jar:/home/andre/.m2/repository/org/springframework/boot/spring-boot-devtools/1.5.9.RELEASE/spring-boot-devtools-1.5.9.RELEASE.jar:/home/andre/.m2/repository/org/springframework/boot/spring-boot/1.5.9.RELEASE/spring-boot-1.5.9.RELEASE.jar:/home/andre/.m2/repository/org/springframework/boot/spring-boot-autoconfigure/1.5.9.RELEASE/spring-boot-autoconfigure-1.5.9.RELEASE.jar:/home/andre/.m2/repository/org/hsqldb/hsqldb/2.3.5/hsqldb-2.3.5.jar:/home/andre/.m2/repository/org/springframework/boot/spring-boot-starter-test/1.5.9.RELEASE/spring-boot-starter-test-1.5.9.RELEASE.jar:/home/andre/.m2/repository/org/springframework/boot/spring-boot-test/1.5.9.RELEASE/spring-boot-test-1.5.9.RELEASE.jar:/home/andre/.m2/repository/org/springframework/boot/spring-boot-test-autoconfigure/1.5.9.RELEASE/spring-boot-test-autoconfigure-1.5.9.RELEASE.jar:/home/andre/.m2/repository/com/jayway/jsonpath/json-path/2.2.0/json-path-2.2.0.jar:/home/andre/.m2/repository/net/minidev/json-smart/2.2.1/json-smart-2.2.1.jar:/home/andre/.m2/repository/net/minidev/accessors-smart/1.1/accessors-smart-1.1.jar:/home/andre/.m2/repository/org/ow2/asm/asm/5.0.3/asm-5.0.3.jar:/home/andre/.m2/repository/junit/junit/4.12/junit-4.12.jar:/home/andre/.m2/repository/org/assertj/assertj-core/2.6.0/assertj-core-2.6.0.jar:/home/andre/.m2/repository/org/mockito/mockito-core/1.10.19/mockito-core-1.10.19.jar:/home/andre/.m2/repository/org/objenesis/objenesis/2.1/objenesis-2.1.jar:/home/andre/.m2/repository/org/hamcrest/hamcrest-core/1.3/hamcrest-core-1.3.jar:/home/andre/.m2/repository/org/hamcrest/hamcrest-library/1.3/hamcrest-library-1.3.jar:/home/andre/.m2/repository/org/skyscreamer/jsonassert/1.4.0/jsonassert-1.4.0.jar:/home/andre/.m2/repository/com/vaadin/external/google/android-json/0.0.20131108.vaadin1/android-json-0.0.20131108.vaadin1.jar:/home/andre/.m2/repository/org/springframework/spring-core/4.3.13.RELEASE/spring-core-4.3.13.RELEASE.jar:/home/andre/.m2/repository/org/springframework/spring-test/4.3.13.RELEASE/spring-test-4.3.13.RELEASE.jar:/home/andre/.m2/repository/org/springframework/security/spring-security-test/4.2.3.RELEASE/spring-security-test-4.2.3.RELEASE.jar:/home/andre/.m2/repository/org/springframework/security/spring-security-core/4.2.3.RELEASE/spring-security-core-4.2.3.RELEASE.jar:/home/andre/.m2/repository/aopalliance/aopalliance/1.0/aopalliance-1.0.jar:/home/andre/.m2/repository/org/springframework/boot/spring-boot-starter-thymeleaf/1.5.9.RELEASE/spring-boot-starter-thymeleaf-1.5.9.RELEASE.jar:/home/andre/.m2/repository/org/thymeleaf/thymeleaf-spring4/3.0.3.RELEASE/thymeleaf-spring4-3.0.3.RELEASE.jar:/home/andre/.m2/repository/org/thymeleaf/thymeleaf/3.0.3.RELEASE/thymeleaf-3.0.3.RELEASE.jar:/home/andre/.m2/repository/org/attoparser/attoparser/2.0.2.RELEASE/attoparser-2.0.2.RELEASE.jar:/home/andre/.m2/repository/org/unbescape/unbescape/1.1.4.RELEASE/unbescape-1.1.4.RELEASE.jar:/home/andre/.m2/repository/nz/net/ultraq/thymeleaf/thymeleaf-layout-dialect/2.1.1/thymeleaf-layout-dialect-2.1.1.jar:/home/andre/.m2/repository/org/codehaus/groovy/groovy/2.4.13/groovy-2.4.13.jar:/home/andre/.m2/repository/nz/net/ultraq/thymeleaf/thymeleaf-expression-processor/1.1.2/thymeleaf-expression-processor-1.1.2.jar:/home/andre/.m2/repository/org/webjars/bootstrap/3.3.7-1/bootstrap-3.3.7-1.jar:/home/andre/.m2/repository/org/webjars/jquery/3.1.1/jquery-3.1.1.jar:/home/andre/.m2/repository/org/thymeleaf/extras/thymeleaf-extras-springsecurity4/2.1.3.RELEASE/thymeleaf-extras-springsecurity4-2.1.3.RELEASE.jar:/home/andre/.m2/repository/org/slf4j/slf4j-api/1.7.25/slf4j-api-1.7.25.jar:/home/andre/.m2/repository/org/springframework/security/spring-security-taglibs/4.2.3.RELEASE/spring-security-taglibs-4.2.3.RELEASE.jar:/home/andre/.m2/repository/org/springframework/security/spring-security-acl/4.2.3.RELEASE/spring-security-acl-4.2.3.RELEASE.jar:/home/andre/.m2/repository/org/springframework/spring-beans/4.3.13.RELEASE/spring-beans-4.3.13.RELEASE.jar:/home/andre/.m2/repository/org/springframework/spring-context/4.3.13.RELEASE/spring-context-4.3.13.RELEASE.jar:/home/andre/.m2/repository/org/springframework/spring-expression/4.3.13.RELEASE/spring-expression-4.3.13.RELEASE.jar:, user.name=andre, java.vm.specification.version=1.8, sun.java.command=/home/andre/Documents/Projetos/Pós Graduação/Java Avançado/biblioteca/target/surefire/surefirebooter5700725942900927571.jar /home/andre/Documents/Projetos/Pós Graduação/Java Avançado/biblioteca/target/surefire/surefire4128433842559034220tmp /home/andre/Documents/Projetos/Pós Graduação/Java Avançado/biblioteca/target/surefire/surefire_08636771454690444227tmp, java.home=/usr/lib/jvm/java-8-openjdk-amd64/jre, sun.arch.data.model=64, user.language=en, java.specification.vendor=Oracle Corporation, awt.toolkit=sun.awt.X11.XToolkit, java.vm.info=mixed mode, java.version=1.8.0_151, java.ext.dirs=/usr/lib/jvm/java-8-openjdk-amd64/jre/lib/ext:/usr/java/packages/lib/ext, sun.boot.class.path=/usr/lib/jvm/java-8-openjdk-amd64/jre/lib/resources.jar:/usr/lib/jvm/java-8-openjdk-amd64/jre/lib/rt.jar:/usr/lib/jvm/java-8-openjdk-amd64/jre/lib/sunrsasign.jar:/usr/lib/jvm/java-8-openjdk-amd64/jre/lib/jsse.jar:/usr/lib/jvm/java-8-openjdk-amd64/jre/lib/jce.jar:/usr/lib/jvm/java-8-openjdk-amd64/jre/lib/charsets.jar:/usr/lib/jvm/java-8-openjdk-amd64/jre/lib/jfr.jar:/usr/lib/jvm/java-8-openjdk-amd64/jre/classes, java.vendor=Oracle Corporation, localRepository=/home/andre/.m2/repository, file.separator=/, java.vendor.url.bug=http://bugreport.sun.com/bugreport/, sun.io.unicode.encoding=UnicodeLittle, sun.cpu.endian=little, sun.desktop=gnome, sun.cpu.isalist=}}, SystemEnvironmentPropertySource@712256162 {name='systemEnvironment', properties={PATH=/home/andre/bin:/home/andre/.local/bin:/usr/local/sbin:/usr/local/bin:/usr/sbin:/usr/bin:/sbin:/bin:/usr/games:/usr/local/games, LC_MEASUREMENT=pt_BR.UTF-8, XAUTHORITY=/home/andre/.Xauthority, LC_TELEPHONE=pt_BR.UTF-8, XDG_DATA_DIRS=/usr/share/cinnamon:/usr/share/gnome:/usr/local/share/:/usr/share/, GDMSESSION=cinnamon, MANDATORY_PATH=/usr/share/gconf/cinnamon.mandatory.path, DBUS_SESSION_BUS_ADDRESS=unix:abstract=/tmp/dbus-EuluCLd77b,guid=ef2c9932a6b6f4b6e02288665a6315e5, DEFAULTS_PATH=/usr/share/gconf/cinnamon.default.path, XDG_CURRENT_DESKTOP=X-Cinnamon, INSIDE_NEMO_PYTHON=, SSH_AGENT_PID=1499, LC_PAPER=pt_BR.UTF-8, SESSION_MANAGER=local/andre-note:@/tmp/.ICE-unix/1441,unix/andre-note:/tmp/.ICE-unix/1441, QT_LINUX_ACCESSIBILITY_ALWAYS_ON=1, LOGNAME=andre, PWD=/home/andre/Documents/Projetos/Pós Graduação/Java Avançado/biblioteca, LANGUAGE=en_US, GJS_DEBUG_TOPICS=JS ERROR;JS LOG, SHELL=/bin/bash, LC_ADDRESS=pt_BR.UTF-8, GIO_LAUNCHED_DESKTOP_FILE=/usr/share/applications/nemo.desktop, OLDPWD=/home/andre/Documents/Projetos/Pós Graduação/Java Avançado/biblioteca, GNOME_DESKTOP_SESSION_ID=this-is-deprecated, GTK_MODULES=gail:atk-bridge, GDK_SCALE=1, XDG_SESSION_PATH=/org/freedesktop/DisplayManager/Session0, XDG_SESSION_DESKTOP=cinnamon, SHLVL=0, LC_IDENTIFICATION=pt_BR.UTF-8, LC_MONETARY=pt_BR.UTF-8, OXYGEN_DISABLE_INNER_SHADOWS_HACK=1, XDG_CONFIG_DIRS=/etc/xdg/xdg-cinnamon:/etc/xdg, LANG=en_US.UTF-8, XDG_SEAT_PATH=/org/freedesktop/DisplayManager/Seat0, XDG_SESSION_ID=c2, XDG_SESSION_TYPE=x11, DISPLAY=:0, QT_STYLE_OVERRIDE=gtk, CINNAMON_VERSION=3.4.6, LC_NAME=pt_BR.UTF-8, GDM_LANG=en_US, XDG_GREETER_DATA_DIR=/var/lib/lightdm-data/andre, LIBOVERLAY_SCROLLBAR=0, GDK_CORE_DEVICE_EVENTS=1, DESKTOP_SESSION=cinnamon, USER=andre, GIO_LAUNCHED_DESKTOP_FILE_PID=2539, QT_ACCESSIBILITY=1, LC_NUMERIC=pt_BR.UTF-8, GJS_DEBUG_OUTPUT=stderr, SSH_AUTH_SOCK=/run/user/1000/keyring/ssh, XDG_SEAT=seat0, GTK_OVERLAY_SCROLLING=1, QT_QPA_PLATFORMTHEME=qgnomeplatform, XDG_VTNR=7, XDG_RUNTIME_DIR=/run/user/1000, HOME=/home/andre}}]
14:59:43.261 [main] DEBUG org.springframework.core.io.support.PathMatchingResourcePatternResolver - Resolved classpath location [br/biblioteca/livros/] to resources [URL [file:/home/andre/Documents/Projetos/P%c3%b3s%20Gradua%c3%a7%c3%a3o/Java%20Avan%c3%a7ado/biblioteca/target/test-classes/br/biblioteca/livros/], URL [file:/home/andre/Documents/Projetos/P%c3%b3s%20Gradua%c3%a7%c3%a3o/Java%20Avan%c3%a7ado/biblioteca/target/classes/br/biblioteca/livros/]]
14:59:43.262 [main] DEBUG org.springframework.core.io.support.PathMatchingResourcePatternResolver - Looking for matching resources in directory tree [/home/andre/Documents/Projetos/Pós Graduação/Java Avançado/biblioteca/target/test-classes/br/biblioteca/livros]
14:59:43.262 [main] DEBUG org.springframework.core.io.support.PathMatchingResourcePatternResolver - Searching directory [/home/andre/Documents/Projetos/Pós Graduação/Java Avançado/biblioteca/target/test-classes/br/biblioteca/livros] for files matching pattern [/home/andre/Documents/Projetos/Pós Graduação/Java Avançado/biblioteca/target/test-classes/br/biblioteca/livros/*.class]
14:59:43.266 [main] DEBUG org.springframework.core.io.support.PathMatchingResourcePatternResolver - Looking for matching resources in directory tree [/home/andre/Documents/Projetos/Pós Graduação/Java Avançado/biblioteca/target/classes/br/biblioteca/livros]
14:59:43.266 [main] DEBUG org.springframework.core.io.support.PathMatchingResourcePatternResolver - Searching directory [/home/andre/Documents/Projetos/Pós Graduação/Java Avançado/biblioteca/target/classes/br/biblioteca/livros] for files matching pattern [/home/andre/Documents/Projetos/Pós Graduação/Java Avançado/biblioteca/target/classes/br/biblioteca/livros/*.class]
14:59:43.268 [main] DEBUG org.springframework.core.io.support.PathMatchingResourcePatternResolver - Resolved location pattern [classpath*:br/biblioteca/livros/*.class] to resources [file [/home/andre/Documents/Projetos/Pós Graduação/Java Avançado/biblioteca/target/test-classes/br/biblioteca/livros/LivrosApplicationTests.class], file [/home/andre/Documents/Projetos/Pós Graduação/Java Avançado/biblioteca/target/classes/br/biblioteca/livros/LivrosApplication.class], file [/home/andre/Documents/Projetos/Pós Graduação/Java Avançado/biblioteca/target/classes/br/biblioteca/livros/WebSecurityConfig.class]]
14:59:43.338 [main] DEBUG org.springframework.context.annotation.ClassPathScanningCandidateComponentProvider - Identified candidate component class: file [/home/andre/Documents/Projetos/Pós Graduação/Java Avançado/biblioteca/target/classes/br/biblioteca/livros/LivrosApplication.class]
14:59:43.357 [main] INFO org.springframework.boot.test.context.SpringBootTestContextBootstrapper - Found @SpringBootConfiguration br.biblioteca.livros.LivrosApplication for test class br.biblioteca.livros.LivrosApplicationTests
14:59:43.363 [main] DEBUG org.springframework.boot.test.context.SpringBootTestContextBootstrapper - @TestExecutionListeners is not present for class [br.biblioteca.livros.LivrosApplicationTests]: using defaults.
14:59:43.369 [main] INFO org.springframework.boot.test.context.SpringBootTestContextBootstrapper - Loaded default TestExecutionListener class names from location [META-INF/spring.factories]: [org.springframework.boot.test.mock.mockito.MockitoTestExecutionListener, org.springframework.boot.test.mock.mockito.ResetMocksTestExecutionListener, org.springframework.boot.test.autoconfigure.restdocs.RestDocsTestExecutionListener, org.springframework.boot.test.autoconfigure.web.client.MockRestServiceServerResetTestExecutionListener, org.springframework.boot.test.autoconfigure.web.servlet.MockMvcPrintOnlyOnFailureTestExecutionListener, org.springframework.boot.test.autoconfigure.web.servlet.WebDriverTestExecutionListener, org.springframework.test.context.web.ServletTestExecutionListener, org.springframework.test.context.support.DirtiesContextBeforeModesTestExecutionListener, org.springframework.test.context.support.DependencyInjectionTestExecutionListener, org.springframework.test.context.support.DirtiesContextTestExecutionListener, org.springframework.test.context.transaction.TransactionalTestExecutionListener, org.springframework.test.context.jdbc.SqlScriptsTestExecutionListener, org.springframework.security.test.context.support.WithSecurityContextTestExecutionListener]
14:59:43.392 [main] INFO org.springframework.boot.test.context.SpringBootTestContextBootstrapper - Using TestExecutionListeners: [org.springframework.test.context.web.ServletTestExecutionListener@4206a205, org.springframework.test.context.support.DirtiesContextBeforeModesTestExecutionListener@29ba4338, org.springframework.boot.test.autoconfigure.SpringBootDependencyInjectionTestExecutionListener@57175e74, org.springframework.test.context.support.DirtiesContextTestExecutionListener@7bb58ca3, org.springframework.test.context.transaction.TransactionalTestExecutionListener@c540f5a, org.springframework.test.context.jdbc.SqlScriptsTestExecutionListener@770c2e6b, org.springframework.security.test.context.support.WithSecurityContextTestExecutionListener@1a052a00, org.springframework.boot.test.autoconfigure.web.client.MockRestServiceServerResetTestExecutionListener@4d826d77, org.springframework.boot.test.autoconfigure.web.servlet.WebDriverTestExecutionListener@61009542, org.springframework.boot.test.autoconfigure.web.servlet.MockMvcPrintOnlyOnFailureTestExecutionListener@77e9807f, org.springframework.boot.test.autoconfigure.restdocs.RestDocsTestExecutionListener@448ff1a8, org.springframework.boot.test.mock.mockito.MockitoTestExecutionListener@1a38c59b, org.springframework.boot.test.mock.mockito.ResetMocksTestExecutionListener@7f77e91b]
14:59:43.395 [main] DEBUG org.springframework.test.annotation.ProfileValueUtils - Retrieved @ProfileValueSourceConfiguration [null] for test class [br.biblioteca.livros.LivrosApplicationTests]
14:59:43.395 [main] DEBUG org.springframework.test.annotation.ProfileValueUtils - Retrieved ProfileValueSource type [class org.springframework.test.annotation.SystemProfileValueSource] for class [br.biblioteca.livros.LivrosApplicationTests]
14:59:43.399 [main] DEBUG org.springframework.test.context.junit4.SpringJUnit4ClassRunner - SpringJUnit4ClassRunner constructor called with [class br.biblioteca.livros.LivrosApplicationTests]
14:59:43.399 [main] DEBUG org.springframework.test.context.BootstrapUtils - Instantiating CacheAwareContextLoaderDelegate from class [org.springframework.test.context.cache.DefaultCacheAwareContextLoaderDelegate]
14:59:43.400 [main] DEBUG org.springframework.test.context.BootstrapUtils - Instantiating BootstrapContext using constructor [public org.springframework.test.context.support.DefaultBootstrapContext(java.lang.Class,org.springframework.test.context.CacheAwareContextLoaderDelegate)]
14:59:43.401 [main] DEBUG org.springframework.test.context.BootstrapUtils - Instantiating TestContextBootstrapper for test class [br.biblioteca.livros.LivrosApplicationTests] from class [org.springframework.boot.test.context.SpringBootTestContextBootstrapper]
14:59:43.402 [main] INFO org.springframework.boot.test.context.SpringBootTestContextBootstrapper - Neither @ContextConfiguration nor @ContextHierarchy found for test class [br.biblioteca.livros.LivrosApplicationTests], using SpringBootContextLoader
14:59:43.403 [main] DEBUG org.springframework.test.context.support.AbstractContextLoader - Did not detect default resource location for test class [br.biblioteca.livros.LivrosApplicationTests]: class path resource [br/biblioteca/livros/LivrosApplicationTests-context.xml] does not exist
14:59:43.403 [main] DEBUG org.springframework.test.context.support.AbstractContextLoader - Did not detect default resource location for test class [br.biblioteca.livros.LivrosApplicationTests]: class path resource [br/biblioteca/livros/LivrosApplicationTestsContext.groovy] does not exist
14:59:43.404 [main] INFO org.springframework.test.context.support.AbstractContextLoader - Could not detect default resource locations for test class [br.biblioteca.livros.LivrosApplicationTests]: no resource found for suffixes {-context.xml, Context.groovy}.
14:59:43.404 [main] INFO org.springframework.test.context.support.AnnotationConfigContextLoaderUtils - Could not detect default configuration classes for test class [br.biblioteca.livros.LivrosApplicationTests]: LivrosApplicationTests does not declare any static, non-private, non-final, nested classes annotated with @Configuration.
14:59:43.412 [main] DEBUG org.springframework.test.context.support.ActiveProfilesUtils - Could not find an 'annotation declaring class' for annotation type [org.springframework.test.context.ActiveProfiles] and class [br.biblioteca.livros.LivrosApplicationTests]
14:59:43.412 [main] DEBUG org.springframework.core.env.StandardEnvironment - Adding PropertySource 'systemProperties' with lowest search precedence
14:59:43.413 [main] DEBUG org.springframework.core.env.StandardEnvironment - Adding PropertySource 'systemEnvironment' with lowest search precedence
14:59:43.413 [main] DEBUG org.springframework.core.env.StandardEnvironment - Initialized StandardEnvironment with PropertySources [MapPropertySource@2104028992 {name='systemProperties', properties={java.runtime.name=OpenJDK Runtime Environment, sun.boot.library.path=/usr/lib/jvm/java-8-openjdk-amd64/jre/lib/amd64, java.vm.version=25.151-b12, java.vm.vendor=Oracle Corporation, java.vendor.url=http://java.oracle.com/, path.separator=:, java.vm.name=OpenJDK 64-Bit Server VM, file.encoding.pkg=sun.io, user.country=US, sun.java.launcher=SUN_STANDARD, sun.os.patch.level=unknown, java.vm.specification.name=Java Virtual Machine Specification, user.dir=/home/andre/Documents/Projetos/Pós Graduação/Java Avançado/biblioteca, java.runtime.version=1.8.0_151-8u151-b12-0ubuntu0.16.04.2-b12, basedir=/home/andre/Documents/Projetos/Pós Graduação/Java Avançado/biblioteca, java.awt.graphicsenv=sun.awt.X11GraphicsEnvironment, java.endorsed.dirs=/usr/lib/jvm/java-8-openjdk-amd64/jre/lib/endorsed, os.arch=amd64, surefire.real.class.path=/home/andre/Documents/Projetos/Pós Graduação/Java Avançado/biblioteca/target/surefire/surefirebooter5700725942900927571.jar, java.io.tmpdir=/tmp, line.separator=
, java.vm.specification.vendor=Oracle Corporation, os.name=Linux, sun.jnu.encoding=UTF-8, java.library.path=/usr/java/packages/lib/amd64:/usr/lib/x86_64-linux-gnu/jni:/lib/x86_64-linux-gnu:/usr/lib/x86_64-linux-gnu:/usr/lib/jni:/lib:/usr/lib, surefire.test.class.path=/home/andre/Documents/Projetos/Pós Graduação/Java Avançado/biblioteca/target/test-classes:/home/andre/Documents/Projetos/Pós Graduação/Java Avançado/biblioteca/target/classes:/home/andre/.m2/repository/org/springframework/boot/spring-boot-starter-data-jpa/1.5.9.RELEASE/spring-boot-starter-data-jpa-1.5.9.RELEASE.jar:/home/andre/.m2/repository/org/springframework/boot/spring-boot-starter/1.5.9.RELEASE/spring-boot-starter-1.5.9.RELEASE.jar:/home/andre/.m2/repository/org/springframework/boot/spring-boot-starter-logging/1.5.9.RELEASE/spring-boot-starter-logging-1.5.9.RELEASE.jar:/home/andre/.m2/repository/ch/qos/logback/logback-classic/1.1.11/logback-classic-1.1.11.jar:/home/andre/.m2/repository/ch/qos/logback/logback-core/1.1.11/logback-core-1.1.11.jar:/home/andre/.m2/repository/org/slf4j/jul-to-slf4j/1.7.25/jul-to-slf4j-1.7.25.jar:/home/andre/.m2/repository/org/slf4j/log4j-over-slf4j/1.7.25/log4j-over-slf4j-1.7.25.jar:/home/andre/.m2/repository/org/yaml/snakeyaml/1.17/snakeyaml-1.17.jar:/home/andre/.m2/repository/org/springframework/boot/spring-boot-starter-aop/1.5.9.RELEASE/spring-boot-starter-aop-1.5.9.RELEASE.jar:/home/andre/.m2/repository/org/aspectj/aspectjweaver/1.8.13/aspectjweaver-1.8.13.jar:/home/andre/.m2/repository/org/springframework/boot/spring-boot-starter-jdbc/1.5.9.RELEASE/spring-boot-starter-jdbc-1.5.9.RELEASE.jar:/home/andre/.m2/repository/org/apache/tomcat/tomcat-jdbc/8.5.23/tomcat-jdbc-8.5.23.jar:/home/andre/.m2/repository/org/apache/tomcat/tomcat-juli/8.5.23/tomcat-juli-8.5.23.jar:/home/andre/.m2/repository/org/springframework/spring-jdbc/4.3.13.RELEASE/spring-jdbc-4.3.13.RELEASE.jar:/home/andre/.m2/repository/org/hibernate/hibernate-core/5.0.12.Final/hibernate-core-5.0.12.Final.jar:/home/andre/.m2/repository/org/jboss/logging/jboss-logging/3.3.1.Final/jboss-logging-3.3.1.Final.jar:/home/andre/.m2/repository/org/hibernate/javax/persistence/hibernate-jpa-2.1-api/1.0.0.Final/hibernate-jpa-2.1-api-1.0.0.Final.jar:/home/andre/.m2/repository/org/javassist/javassist/3.21.0-GA/javassist-3.21.0-GA.jar:/home/andre/.m2/repository/antlr/antlr/2.7.7/antlr-2.7.7.jar:/home/andre/.m2/repository/org/jboss/jandex/2.0.0.Final/jandex-2.0.0.Final.jar:/home/andre/.m2/repository/dom4j/dom4j/1.6.1/dom4j-1.6.1.jar:/home/andre/.m2/repository/org/hibernate/common/hibernate-commons-annotations/5.0.1.Final/hibernate-commons-annotations-5.0.1.Final.jar:/home/andre/.m2/repository/org/hibernate/hibernate-entitymanager/5.0.12.Final/hibernate-entitymanager-5.0.12.Final.jar:/home/andre/.m2/repository/javax/transaction/javax.transaction-api/1.2/javax.transaction-api-1.2.jar:/home/andre/.m2/repository/org/springframework/data/spring-data-jpa/1.11.9.RELEASE/spring-data-jpa-1.11.9.RELEASE.jar:/home/andre/.m2/repository/org/springframework/data/spring-data-commons/1.13.9.RELEASE/spring-data-commons-1.13.9.RELEASE.jar:/home/andre/.m2/repository/org/springframework/spring-orm/4.3.13.RELEASE/spring-orm-4.3.13.RELEASE.jar:/home/andre/.m2/repository/org/springframework/spring-tx/4.3.13.RELEASE/spring-tx-4.3.13.RELEASE.jar:/home/andre/.m2/repository/org/slf4j/jcl-over-slf4j/1.7.25/jcl-over-slf4j-1.7.25.jar:/home/andre/.m2/repository/org/springframework/spring-aspects/4.3.13.RELEASE/spring-aspects-4.3.13.RELEASE.jar:/home/andre/.m2/repository/org/springframework/boot/spring-boot-starter-security/1.5.9.RELEASE/spring-boot-starter-security-1.5.9.RELEASE.jar:/home/andre/.m2/repository/org/springframework/spring-aop/4.3.13.RELEASE/spring-aop-4.3.13.RELEASE.jar:/home/andre/.m2/repository/org/springframework/security/spring-security-config/4.2.3.RELEASE/spring-security-config-4.2.3.RELEASE.jar:/home/andre/.m2/repository/org/springframework/security/spring-security-web/4.2.3.RELEASE/spring-security-web-4.2.3.RELEASE.jar:/home/andre/.m2/repository/org/springframework/boot/spring-boot-starter-web/1.5.9.RELEASE/spring-boot-starter-web-1.5.9.RELEASE.jar:/home/andre/.m2/repository/org/springframework/boot/spring-boot-starter-tomcat/1.5.9.RELEASE/spring-boot-starter-tomcat-1.5.9.RELEASE.jar:/home/andre/.m2/repository/org/apache/tomcat/embed/tomcat-embed-core/8.5.23/tomcat-embed-core-8.5.23.jar:/home/andre/.m2/repository/org/apache/tomcat/tomcat-annotations-api/8.5.23/tomcat-annotations-api-8.5.23.jar:/home/andre/.m2/repository/org/apache/tomcat/embed/tomcat-embed-el/8.5.23/tomcat-embed-el-8.5.23.jar:/home/andre/.m2/repository/org/apache/tomcat/embed/tomcat-embed-websocket/8.5.23/tomcat-embed-websocket-8.5.23.jar:/home/andre/.m2/repository/org/hibernate/hibernate-validator/5.3.6.Final/hibernate-validator-5.3.6.Final.jar:/home/andre/.m2/repository/javax/validation/validation-api/1.1.0.Final/validation-api-1.1.0.Final.jar:/home/andre/.m2/repository/com/fasterxml/classmate/1.3.4/classmate-1.3.4.jar:/home/andre/.m2/repository/com/fasterxml/jackson/core/jackson-databind/2.8.10/jackson-databind-2.8.10.jar:/home/andre/.m2/repository/com/fasterxml/jackson/core/jackson-annotations/2.8.0/jackson-annotations-2.8.0.jar:/home/andre/.m2/repository/com/fasterxml/jackson/core/jackson-core/2.8.10/jackson-core-2.8.10.jar:/home/andre/.m2/repository/org/springframework/spring-web/4.3.13.RELEASE/spring-web-4.3.13.RELEASE.jar:/home/andre/.m2/repository/org/springframework/spring-webmvc/4.3.13.RELEASE/spring-webmvc-4.3.13.RELEASE.jar:/home/andre/.m2/repository/org/springframework/boot/spring-boot-devtools/1.5.9.RELEASE/spring-boot-devtools-1.5.9.RELEASE.jar:/home/andre/.m2/repository/org/springframework/boot/spring-boot/1.5.9.RELEASE/spring-boot-1.5.9.RELEASE.jar:/home/andre/.m2/repository/org/springframework/boot/spring-boot-autoconfigure/1.5.9.RELEASE/spring-boot-autoconfigure-1.5.9.RELEASE.jar:/home/andre/.m2/repository/org/hsqldb/hsqldb/2.3.5/hsqldb-2.3.5.jar:/home/andre/.m2/repository/org/springframework/boot/spring-boot-starter-test/1.5.9.RELEASE/spring-boot-starter-test-1.5.9.RELEASE.jar:/home/andre/.m2/repository/org/springframework/boot/spring-boot-test/1.5.9.RELEASE/spring-boot-test-1.5.9.RELEASE.jar:/home/andre/.m2/repository/org/springframework/boot/spring-boot-test-autoconfigure/1.5.9.RELEASE/spring-boot-test-autoconfigure-1.5.9.RELEASE.jar:/home/andre/.m2/repository/com/jayway/jsonpath/json-path/2.2.0/json-path-2.2.0.jar:/home/andre/.m2/repository/net/minidev/json-smart/2.2.1/json-smart-2.2.1.jar:/home/andre/.m2/repository/net/minidev/accessors-smart/1.1/accessors-smart-1.1.jar:/home/andre/.m2/repository/org/ow2/asm/asm/5.0.3/asm-5.0.3.jar:/home/andre/.m2/repository/junit/junit/4.12/junit-4.12.jar:/home/andre/.m2/repository/org/assertj/assertj-core/2.6.0/assertj-core-2.6.0.jar:/home/andre/.m2/repository/org/mockito/mockito-core/1.10.19/mockito-core-1.10.19.jar:/home/andre/.m2/repository/org/objenesis/objenesis/2.1/objenesis-2.1.jar:/home/andre/.m2/repository/org/hamcrest/hamcrest-core/1.3/hamcrest-core-1.3.jar:/home/andre/.m2/repository/org/hamcrest/hamcrest-library/1.3/hamcrest-library-1.3.jar:/home/andre/.m2/repository/org/skyscreamer/jsonassert/1.4.0/jsonassert-1.4.0.jar:/home/andre/.m2/repository/com/vaadin/external/google/android-json/0.0.20131108.vaadin1/android-json-0.0.20131108.vaadin1.jar:/home/andre/.m2/repository/org/springframework/spring-core/4.3.13.RELEASE/spring-core-4.3.13.RELEASE.jar:/home/andre/.m2/repository/org/springframework/spring-test/4.3.13.RELEASE/spring-test-4.3.13.RELEASE.jar:/home/andre/.m2/repository/org/springframework/security/spring-security-test/4.2.3.RELEASE/spring-security-test-4.2.3.RELEASE.jar:/home/andre/.m2/repository/org/springframework/security/spring-security-core/4.2.3.RELEASE/spring-security-core-4.2.3.RELEASE.jar:/home/andre/.m2/repository/aopalliance/aopalliance/1.0/aopalliance-1.0.jar:/home/andre/.m2/repository/org/springframework/boot/spring-boot-starter-thymeleaf/1.5.9.RELEASE/spring-boot-starter-thymeleaf-1.5.9.RELEASE.jar:/home/andre/.m2/repository/org/thymeleaf/thymeleaf-spring4/3.0.3.RELEASE/thymeleaf-spring4-3.0.3.RELEASE.jar:/home/andre/.m2/repository/org/thymeleaf/thymeleaf/3.0.3.RELEASE/thymeleaf-3.0.3.RELEASE.jar:/home/andre/.m2/repository/org/attoparser/attoparser/2.0.2.RELEASE/attoparser-2.0.2.RELEASE.jar:/home/andre/.m2/repository/org/unbescape/unbescape/1.1.4.RELEASE/unbescape-1.1.4.RELEASE.jar:/home/andre/.m2/repository/nz/net/ultraq/thymeleaf/thymeleaf-layout-dialect/2.1.1/thymeleaf-layout-dialect-2.1.1.jar:/home/andre/.m2/repository/org/codehaus/groovy/groovy/2.4.13/groovy-2.4.13.jar:/home/andre/.m2/repository/nz/net/ultraq/thymeleaf/thymeleaf-expression-processor/1.1.2/thymeleaf-expression-processor-1.1.2.jar:/home/andre/.m2/repository/org/webjars/bootstrap/3.3.7-1/bootstrap-3.3.7-1.jar:/home/andre/.m2/repository/org/webjars/jquery/3.1.1/jquery-3.1.1.jar:/home/andre/.m2/repository/org/thymeleaf/extras/thymeleaf-extras-springsecurity4/2.1.3.RELEASE/thymeleaf-extras-springsecurity4-2.1.3.RELEASE.jar:/home/andre/.m2/repository/org/slf4j/slf4j-api/1.7.25/slf4j-api-1.7.25.jar:/home/andre/.m2/repository/org/springframework/security/spring-security-taglibs/4.2.3.RELEASE/spring-security-taglibs-4.2.3.RELEASE.jar:/home/andre/.m2/repository/org/springframework/security/spring-security-acl/4.2.3.RELEASE/spring-security-acl-4.2.3.RELEASE.jar:/home/andre/.m2/repository/org/springframework/spring-beans/4.3.13.RELEASE/spring-beans-4.3.13.RELEASE.jar:/home/andre/.m2/repository/org/springframework/spring-context/4.3.13.RELEASE/spring-context-4.3.13.RELEASE.jar:/home/andre/.m2/repository/org/springframework/spring-expression/4.3.13.RELEASE/spring-expression-4.3.13.RELEASE.jar:, java.specification.name=Java Platform API Specification, java.class.version=52.0, sun.management.compiler=HotSpot 64-Bit Tiered Compilers, os.version=4.10.0-42-generic, user.home=/home/andre, user.timezone=America/Sao_Paulo, java.awt.printerjob=sun.print.PSPrinterJob, file.encoding=UTF-8, java.specification.version=1.8, java.class.path=/home/andre/Documents/Projetos/Pós Graduação/Java Avançado/biblioteca/target/test-classes:/home/andre/Documents/Projetos/Pós Graduação/Java Avançado/biblioteca/target/classes:/home/andre/.m2/repository/org/springframework/boot/spring-boot-starter-data-jpa/1.5.9.RELEASE/spring-boot-starter-data-jpa-1.5.9.RELEASE.jar:/home/andre/.m2/repository/org/springframework/boot/spring-boot-starter/1.5.9.RELEASE/spring-boot-starter-1.5.9.RELEASE.jar:/home/andre/.m2/repository/org/springframework/boot/spring-boot-starter-logging/1.5.9.RELEASE/spring-boot-starter-logging-1.5.9.RELEASE.jar:/home/andre/.m2/repository/ch/qos/logback/logback-classic/1.1.11/logback-classic-1.1.11.jar:/home/andre/.m2/repository/ch/qos/logback/logback-core/1.1.11/logback-core-1.1.11.jar:/home/andre/.m2/repository/org/slf4j/jul-to-slf4j/1.7.25/jul-to-slf4j-1.7.25.jar:/home/andre/.m2/repository/org/slf4j/log4j-over-slf4j/1.7.25/log4j-over-slf4j-1.7.25.jar:/home/andre/.m2/repository/org/yaml/snakeyaml/1.17/snakeyaml-1.17.jar:/home/andre/.m2/repository/org/springframework/boot/spring-boot-starter-aop/1.5.9.RELEASE/spring-boot-starter-aop-1.5.9.RELEASE.jar:/home/andre/.m2/repository/org/aspectj/aspectjweaver/1.8.13/aspectjweaver-1.8.13.jar:/home/andre/.m2/repository/org/springframework/boot/spring-boot-starter-jdbc/1.5.9.RELEASE/spring-boot-starter-jdbc-1.5.9.RELEASE.jar:/home/andre/.m2/repository/org/apache/tomcat/tomcat-jdbc/8.5.23/tomcat-jdbc-8.5.23.jar:/home/andre/.m2/repository/org/apache/tomcat/tomcat-juli/8.5.23/tomcat-juli-8.5.23.jar:/home/andre/.m2/repository/org/springframework/spring-jdbc/4.3.13.RELEASE/spring-jdbc-4.3.13.RELEASE.jar:/home/andre/.m2/repository/org/hibernate/hibernate-core/5.0.12.Final/hibernate-core-5.0.12.Final.jar:/home/andre/.m2/repository/org/jboss/logging/jboss-logging/3.3.1.Final/jboss-logging-3.3.1.Final.jar:/home/andre/.m2/repository/org/hibernate/javax/persistence/hibernate-jpa-2.1-api/1.0.0.Final/hibernate-jpa-2.1-api-1.0.0.Final.jar:/home/andre/.m2/repository/org/javassist/javassist/3.21.0-GA/javassist-3.21.0-GA.jar:/home/andre/.m2/repository/antlr/antlr/2.7.7/antlr-2.7.7.jar:/home/andre/.m2/repository/org/jboss/jandex/2.0.0.Final/jandex-2.0.0.Final.jar:/home/andre/.m2/repository/dom4j/dom4j/1.6.1/dom4j-1.6.1.jar:/home/andre/.m2/repository/org/hibernate/common/hibernate-commons-annotations/5.0.1.Final/hibernate-commons-annotations-5.0.1.Final.jar:/home/andre/.m2/repository/org/hibernate/hibernate-entitymanager/5.0.12.Final/hibernate-entitymanager-5.0.12.Final.jar:/home/andre/.m2/repository/javax/transaction/javax.transaction-api/1.2/javax.transaction-api-1.2.jar:/home/andre/.m2/repository/org/springframework/data/spring-data-jpa/1.11.9.RELEASE/spring-data-jpa-1.11.9.RELEASE.jar:/home/andre/.m2/repository/org/springframework/data/spring-data-commons/1.13.9.RELEASE/spring-data-commons-1.13.9.RELEASE.jar:/home/andre/.m2/repository/org/springframework/spring-orm/4.3.13.RELEASE/spring-orm-4.3.13.RELEASE.jar:/home/andre/.m2/repository/org/springframework/spring-tx/4.3.13.RELEASE/spring-tx-4.3.13.RELEASE.jar:/home/andre/.m2/repository/org/slf4j/jcl-over-slf4j/1.7.25/jcl-over-slf4j-1.7.25.jar:/home/andre/.m2/repository/org/springframework/spring-aspects/4.3.13.RELEASE/spring-aspects-4.3.13.RELEASE.jar:/home/andre/.m2/repository/org/springframework/boot/spring-boot-starter-security/1.5.9.RELEASE/spring-boot-starter-security-1.5.9.RELEASE.jar:/home/andre/.m2/repository/org/springframework/spring-aop/4.3.13.RELEASE/spring-aop-4.3.13.RELEASE.jar:/home/andre/.m2/repository/org/springframework/security/spring-security-config/4.2.3.RELEASE/spring-security-config-4.2.3.RELEASE.jar:/home/andre/.m2/repository/org/springframework/security/spring-security-web/4.2.3.RELEASE/spring-security-web-4.2.3.RELEASE.jar:/home/andre/.m2/repository/org/springframework/boot/spring-boot-starter-web/1.5.9.RELEASE/spring-boot-starter-web-1.5.9.RELEASE.jar:/home/andre/.m2/repository/org/springframework/boot/spring-boot-starter-tomcat/1.5.9.RELEASE/spring-boot-starter-tomcat-1.5.9.RELEASE.jar:/home/andre/.m2/repository/org/apache/tomcat/embed/tomcat-embed-core/8.5.23/tomcat-embed-core-8.5.23.jar:/home/andre/.m2/repository/org/apache/tomcat/tomcat-annotations-api/8.5.23/tomcat-annotations-api-8.5.23.jar:/home/andre/.m2/repository/org/apache/tomcat/embed/tomcat-embed-el/8.5.23/tomcat-embed-el-8.5.23.jar:/home/andre/.m2/repository/org/apache/tomcat/embed/tomcat-embed-websocket/8.5.23/tomcat-embed-websocket-8.5.23.jar:/home/andre/.m2/repository/org/hibernate/hibernate-validator/5.3.6.Final/hibernate-validator-5.3.6.Final.jar:/home/andre/.m2/repository/javax/validation/validation-api/1.1.0.Final/validation-api-1.1.0.Final.jar:/home/andre/.m2/repository/com/fasterxml/classmate/1.3.4/classmate-1.3.4.jar:/home/andre/.m2/repository/com/fasterxml/jackson/core/jackson-databind/2.8.10/jackson-databind-2.8.10.jar:/home/andre/.m2/repository/com/fasterxml/jackson/core/jackson-annotations/2.8.0/jackson-annotations-2.8.0.jar:/home/andre/.m2/repository/com/fasterxml/jackson/core/jackson-core/2.8.10/jackson-core-2.8.10.jar:/home/andre/.m2/repository/org/springframework/spring-web/4.3.13.RELEASE/spring-web-4.3.13.RELEASE.jar:/home/andre/.m2/repository/org/springframework/spring-webmvc/4.3.13.RELEASE/spring-webmvc-4.3.13.RELEASE.jar:/home/andre/.m2/repository/org/springframework/boot/spring-boot-devtools/1.5.9.RELEASE/spring-boot-devtools-1.5.9.RELEASE.jar:/home/andre/.m2/repository/org/springframework/boot/spring-boot/1.5.9.RELEASE/spring-boot-1.5.9.RELEASE.jar:/home/andre/.m2/repository/org/springframework/boot/spring-boot-autoconfigure/1.5.9.RELEASE/spring-boot-autoconfigure-1.5.9.RELEASE.jar:/home/andre/.m2/repository/org/hsqldb/hsqldb/2.3.5/hsqldb-2.3.5.jar:/home/andre/.m2/repository/org/springframework/boot/spring-boot-starter-test/1.5.9.RELEASE/spring-boot-starter-test-1.5.9.RELEASE.jar:/home/andre/.m2/repository/org/springframework/boot/spring-boot-test/1.5.9.RELEASE/spring-boot-test-1.5.9.RELEASE.jar:/home/andre/.m2/repository/org/springframework/boot/spring-boot-test-autoconfigure/1.5.9.RELEASE/spring-boot-test-autoconfigure-1.5.9.RELEASE.jar:/home/andre/.m2/repository/com/jayway/jsonpath/json-path/2.2.0/json-path-2.2.0.jar:/home/andre/.m2/repository/net/minidev/json-smart/2.2.1/json-smart-2.2.1.jar:/home/andre/.m2/repository/net/minidev/accessors-smart/1.1/accessors-smart-1.1.jar:/home/andre/.m2/repository/org/ow2/asm/asm/5.0.3/asm-5.0.3.jar:/home/andre/.m2/repository/junit/junit/4.12/junit-4.12.jar:/home/andre/.m2/repository/org/assertj/assertj-core/2.6.0/assertj-core-2.6.0.jar:/home/andre/.m2/repository/org/mockito/mockito-core/1.10.19/mockito-core-1.10.19.jar:/home/andre/.m2/repository/org/objenesis/objenesis/2.1/objenesis-2.1.jar:/home/andre/.m2/repository/org/hamcrest/hamcrest-core/1.3/hamcrest-core-1.3.jar:/home/andre/.m2/repository/org/hamcrest/hamcrest-library/1.3/hamcrest-library-1.3.jar:/home/andre/.m2/repository/org/skyscreamer/jsonassert/1.4.0/jsonassert-1.4.0.jar:/home/andre/.m2/repository/com/vaadin/external/google/android-json/0.0.20131108.vaadin1/android-json-0.0.20131108.vaadin1.jar:/home/andre/.m2/repository/org/springframework/spring-core/4.3.13.RELEASE/spring-core-4.3.13.RELEASE.jar:/home/andre/.m2/repository/org/springframework/spring-test/4.3.13.RELEASE/spring-test-4.3.13.RELEASE.jar:/home/andre/.m2/repository/org/springframework/security/spring-security-test/4.2.3.RELEASE/spring-security-test-4.2.3.RELEASE.jar:/home/andre/.m2/repository/org/springframework/security/spring-security-core/4.2.3.RELEASE/spring-security-core-4.2.3.RELEASE.jar:/home/andre/.m2/repository/aopalliance/aopalliance/1.0/aopalliance-1.0.jar:/home/andre/.m2/repository/org/springframework/boot/spring-boot-starter-thymeleaf/1.5.9.RELEASE/spring-boot-starter-thymeleaf-1.5.9.RELEASE.jar:/home/andre/.m2/repository/org/thymeleaf/thymeleaf-spring4/3.0.3.RELEASE/thymeleaf-spring4-3.0.3.RELEASE.jar:/home/andre/.m2/repository/org/thymeleaf/thymeleaf/3.0.3.RELEASE/thymeleaf-3.0.3.RELEASE.jar:/home/andre/.m2/repository/org/attoparser/attoparser/2.0.2.RELEASE/attoparser-2.0.2.RELEASE.jar:/home/andre/.m2/repository/org/unbescape/unbescape/1.1.4.RELEASE/unbescape-1.1.4.RELEASE.jar:/home/andre/.m2/repository/nz/net/ultraq/thymeleaf/thymeleaf-layout-dialect/2.1.1/thymeleaf-layout-dialect-2.1.1.jar:/home/andre/.m2/repository/org/codehaus/groovy/groovy/2.4.13/groovy-2.4.13.jar:/home/andre/.m2/repository/nz/net/ultraq/thymeleaf/thymeleaf-expression-processor/1.1.2/thymeleaf-expression-processor-1.1.2.jar:/home/andre/.m2/repository/org/webjars/bootstrap/3.3.7-1/bootstrap-3.3.7-1.jar:/home/andre/.m2/repository/org/webjars/jquery/3.1.1/jquery-3.1.1.jar:/home/andre/.m2/repository/org/thymeleaf/extras/thymeleaf-extras-springsecurity4/2.1.3.RELEASE/thymeleaf-extras-springsecurity4-2.1.3.RELEASE.jar:/home/andre/.m2/repository/org/slf4j/slf4j-api/1.7.25/slf4j-api-1.7.25.jar:/home/andre/.m2/repository/org/springframework/security/spring-security-taglibs/4.2.3.RELEASE/spring-security-taglibs-4.2.3.RELEASE.jar:/home/andre/.m2/repository/org/springframework/security/spring-security-acl/4.2.3.RELEASE/spring-security-acl-4.2.3.RELEASE.jar:/home/andre/.m2/repository/org/springframework/spring-beans/4.3.13.RELEASE/spring-beans-4.3.13.RELEASE.jar:/home/andre/.m2/repository/org/springframework/spring-context/4.3.13.RELEASE/spring-context-4.3.13.RELEASE.jar:/home/andre/.m2/repository/org/springframework/spring-
[...]
b/jvm/java-8-openjdk-amd64/jre/lib/resources.jar:/usr/lib/jvm/java-8-openjdk-amd64/jre/lib/rt.jar:/usr/lib/jvm/java-8-openjdk-amd64/jre/lib/sunrsasign.jar:/usr/lib/jvm/java-8-openjdk-amd64/jre/lib/jsse.jar:/usr/lib/jvm/java-8-openjdk-amd64/jre/lib/jce.jar:/usr/lib/jvm/java-8-openjdk-amd64/jre/lib/charsets.jar:/usr/lib/jvm/java-8-openjdk-amd64/jre/lib/jfr.jar:/usr/lib/jvm/java-8-openjdk-amd64/jre/classes, java.vendor=Oracle Corporation, localRepository=/home/andre/.m2/repository, file.separator=/, java.vendor.url.bug=http://bugreport.sun.com/bugreport/, sun.io.unicode.encoding=UnicodeLittle, sun.cpu.endian=little, sun.desktop=gnome, sun.cpu.isalist=}}, SystemEnvironmentPropertySource@1790585734 {name='systemEnvironment', properties={PATH=/home/andre/bin:/home/andre/.local/bin:/usr/local/sbin:/usr/local/bin:/usr/sbin:/usr/bin:/sbin:/bin:/usr/games:/usr/local/games, LC_MEASUREMENT=pt_BR.UTF-8, XAUTHORITY=/home/andre/.Xauthority, LC_TELEPHONE=pt_BR.UTF-8, XDG_DATA_DIRS=/usr/share/cinnamon:/usr/share/gnome:/usr/local/share/:/usr/share/, GDMSESSION=cinnamon, MANDATORY_PATH=/usr/share/gconf/cinnamon.mandatory.path, DBUS_SESSION_BUS_ADDRESS=unix:abstract=/tmp/dbus-EuluCLd77b,guid=ef2c9932a6b6f4b6e02288665a6315e5, DEFAULTS_PATH=/usr/share/gconf/cinnamon.default.path, XDG_CURRENT_DESKTOP=X-Cinnamon, INSIDE_NEMO_PYTHON=, SSH_AGENT_PID=1499, LC_PAPER=pt_BR.UTF-8, SESSION_MANAGER=local/andre-note:@/tmp/.ICE-unix/1441,unix/andre-note:/tmp/.ICE-unix/1441, QT_LINUX_ACCESSIBILITY_ALWAYS_ON=1, LOGNAME=andre, PWD=/home/andre/Documents/Projetos/Pós Graduação/Java Avançado/biblioteca, LANGUAGE=en_US, GJS_DEBUG_TOPICS=JS ERROR;JS LOG, SHELL=/bin/bash, LC_ADDRESS=pt_BR.UTF-8, GIO_LAUNCHED_DESKTOP_FILE=/usr/share/applications/nemo.desktop, OLDPWD=/home/andre/Documents/Projetos/Pós Graduação/Java Avançado/biblioteca, GNOME_DESKTOP_SESSION_ID=this-is-deprecated, GTK_MODULES=gail:atk-bridge, GDK_SCALE=1, XDG_SESSION_PATH=/org/freedesktop/DisplayManager/Session0, XDG_SESSION_DESKTOP=cinnamon, SHLVL=0, LC_IDENTIFICATION=pt_BR.UTF-8, LC_MONETARY=pt_BR.UTF-8, OXYGEN_DISABLE_INNER_SHADOWS_HACK=1, XDG_CONFIG_DIRS=/etc/xdg/xdg-cinnamon:/etc/xdg, LANG=en_US.UTF-8, XDG_SEAT_PATH=/org/freedesktop/DisplayManager/Seat0, XDG_SESSION_ID=c2, XDG_SESSION_TYPE=x11, DISPLAY=:0, QT_STYLE_OVERRIDE=gtk, CINNAMON_VERSION=3.4.6, LC_NAME=pt_BR.UTF-8, GDM_LANG=en_US, XDG_GREETER_DATA_DIR=/var/lib/lightdm-data/andre, LIBOVERLAY_SCROLLBAR=0, GDK_CORE_DEVICE_EVENTS=1, DESKTOP_SESSION=cinnamon, USER=andre, GIO_LAUNCHED_DESKTOP_FILE_PID=2539, QT_ACCESSIBILITY=1, LC_NUMERIC=pt_BR.UTF-8, GJS_DEBUG_OUTPUT=stderr, SSH_AUTH_SOCK=/run/user/1000/keyring/ssh, XDG_SEAT=seat0, GTK_OVERLAY_SCROLLING=1, QT_QPA_PLATFORMTHEME=qgnomeplatform, XDG_VTNR=7, XDG_RUNTIME_DIR=/run/user/1000, HOME=/home/andre}}]
14:59:43.548 [main] DEBUG org.springframework.core.env.MutablePropertySources - Adding PropertySource 'inline' with highest search precedence
14:59:43.555 [main] DEBUG org.springframework.test.context.support.TestPropertySourceUtils - Adding inlined properties to environment: {spring.jmx.enabled=false, org.springframework.boot.test.context.SpringBootTestContextBootstrapper=true, server.port=-1}
14:59:43.556 [main] DEBUG org.springframework.core.env.StandardEnvironment - Adding PropertySource 'Inlined Test Properties' with highest search precedence

  .   ____          _            __ _ _
 /\\ / ___'_ __ _ _(_)_ __  __ _ \ \ \ \
( ( )\___ | '_ | '_| | '_ \/ _` | \ \ \ \
 \\/  ___)| |_)| | | | | || (_| |  ) ) ) )
  '  |____| .__|_| |_|_| |_\__, | / / / /
 =========|_|==============|___/=/_/_/_/
 :: Spring Boot ::        (v1.5.9.RELEASE)

2018-01-20 14:59:43.911  INFO 16547 --- [           main] b.b.livros.LivrosApplicationTests        : Starting LivrosApplicationTests on andre-note with PID 16547 (started by andre in /home/andre/Documents/Projetos/Pós Graduação/Java Avançado/biblioteca)
2018-01-20 14:59:43.912  INFO 16547 --- [           main] b.b.livros.LivrosApplicationTests        : No active profile set, falling back to default profiles: default
2018-01-20 14:59:44.263  INFO 16547 --- [           main] o.s.w.c.s.GenericWebApplicationContext   : Refreshing org.springframework.web.context.support.GenericWebApplicationContext@659499f1: startup date [Sat Jan 20 14:59:44 BRST 2018]; root of context hierarchy
2018-01-20 14:59:48.060  INFO 16547 --- [           main] j.LocalContainerEntityManagerFactoryBean : Building JPA container EntityManagerFactory for persistence unit 'default'
2018-01-20 14:59:48.077  INFO 16547 --- [           main] o.hibernate.jpa.internal.util.LogHelper  : HHH000204: Processing PersistenceUnitInfo [
	name: default
	...]
2018-01-20 14:59:48.140  INFO 16547 --- [           main] org.hibernate.Version                    : HHH000412: Hibernate Core {5.0.12.Final}
2018-01-20 14:59:48.142  INFO 16547 --- [           main] org.hibernate.cfg.Environment            : HHH000206: hibernate.properties not found
2018-01-20 14:59:48.144  INFO 16547 --- [           main] org.hibernate.cfg.Environment            : HHH000021: Bytecode provider name : javassist
2018-01-20 14:59:48.183  INFO 16547 --- [           main] o.hibernate.annotations.common.Version   : HCANN000001: Hibernate Commons Annotations {5.0.1.Final}
2018-01-20 14:59:48.338  INFO 16547 --- [           main] org.hibernate.dialect.Dialect            : HHH000400: Using dialect: org.hibernate.dialect.HSQLDialect
2018-01-20 14:59:49.108  INFO 16547 --- [           main] org.hibernate.tool.hbm2ddl.SchemaUpdate  : HHH000228: Running hbm2ddl schema update
2018-01-20 14:59:49.256  INFO 16547 --- [           main] j.LocalContainerEntityManagerFactoryBean : Initialized JPA EntityManagerFactory for persistence unit 'default'
2018-01-20 14:59:50.210  WARN 16547 --- [           main] o.s.w.c.s.GenericWebApplicationContext   : Exception encountered during context initialization - cancelling refresh attempt: org.springframework.beans.factory.UnsatisfiedDependencyException: Error creating bean with name 'userControllers': Unsatisfied dependency expressed through field 'securityService'; nested exception is org.springframework.beans.factory.UnsatisfiedDependencyException: Error creating bean with name 'securityServiceImpl': Unsatisfied dependency expressed through field 'authenticationManager'; nested exception is org.springframework.beans.factory.NoSuchBeanDefinitionException: No qualifying bean of type 'org.springframework.security.authentication.AuthenticationManager' available: expected at least 1 bean which qualifies as autowire candidate. Dependency annotations: {@org.springframework.beans.factory.annotation.Autowired(required=true)}
2018-01-20 14:59:50.212  INFO 16547 --- [           main] j.LocalContainerEntityManagerFactoryBean : Closing JPA EntityManagerFactory for persistence unit 'default'
2018-01-20 14:59:50.232  INFO 16547 --- [           main] utoConfigurationReportLoggingInitializer : 

Error starting ApplicationContext. To display the auto-configuration report re-run your application with 'debug' enabled.
2018-01-20 14:59:50.337 ERROR 16547 --- [           main] o.s.b.d.LoggingFailureAnalysisReporter   : 

***************************
APPLICATION FAILED TO START
***************************

Description:

Field authenticationManager in br.biblioteca.livros.services.SecurityServiceImpl required a bean of type 'org.springframework.security.authentication.AuthenticationManager' that could not be found.


Action:

Consider defining a bean of type 'org.springframework.security.authentication.AuthenticationManager' in your configuration.

2018-01-20 14:59:50.345 ERROR 16547 --- [           main] o.s.test.context.TestContextManager      : Caught exception while allowing TestExecutionListener [org.springframework.test.context.web.ServletTestExecutionListener@6156496] to prepare test instance [br.biblioteca.livros.LivrosApplicationTests@7ef41ca2]

java.lang.IllegalStateException: Failed to load ApplicationContext
	at org.springframework.test.context.cache.DefaultCacheAwareContextLoaderDelegate.loadContext(DefaultCacheAwareContextLoaderDelegate.java:124) ~[spring-test-4.3.13.RELEASE.jar:4.3.13.RELEASE]
	at org.springframework.test.context.support.DefaultTestContext.getApplicationContext(DefaultTestContext.java:83) ~[spring-test-4.3.13.RELEASE.jar:4.3.13.RELEASE]
	at org.springframework.test.context.web.ServletTestExecutionListener.setUpRequestContextIfNecessary(ServletTestExecutionListener.java:189) ~[spring-test-4.3.13.RELEASE.jar:4.3.13.RELEASE]
	at org.springframework.test.context.web.ServletTestExecutionListener.prepareTestInstance(ServletTestExecutionListener.java:131) ~[spring-test-4.3.13.RELEASE.jar:4.3.13.RELEASE]
	at org.springframework.test.context.TestContextManager.prepareTestInstance(TestContextManager.java:230) ~[spring-test-4.3.13.RELEASE.jar:4.3.13.RELEASE]
	at org.springframework.test.context.junit4.SpringJUnit4ClassRunner.createTest(SpringJUnit4ClassRunner.java:228) [spring-test-4.3.13.RELEASE.jar:4.3.13.RELEASE]
	at org.springframework.test.context.junit4.SpringJUnit4ClassRunner$1.runReflectiveCall(SpringJUnit4ClassRunner.java:287) [spring-test-4.3.13.RELEASE.jar:4.3.13.RELEASE]
	at org.junit.internal.runners.model.ReflectiveCallable.run(ReflectiveCallable.java:12) [junit-4.12.jar:4.12]
	at org.springframework.test.context.junit4.SpringJUnit4ClassRunner.methodBlock(SpringJUnit4ClassRunner.java:289) [spring-test-4.3.13.RELEASE.jar:4.3.13.RELEASE]
	at org.springframework.test.context.junit4.SpringJUnit4ClassRunner.runChild(SpringJUnit4ClassRunner.java:247) [spring-test-4.3.13.RELEASE.jar:4.3.13.RELEASE]
	at org.springframework.test.context.junit4.SpringJUnit4ClassRunner.runChild(SpringJUnit4ClassRunner.java:94) [spring-test-4.3.13.RELEASE.jar:4.3.13.RELEASE]
	at org.junit.runners.ParentRunner$3.run(ParentRunner.java:290) [junit-4.12.jar:4.12]
	at org.junit.runners.ParentRunner$1.schedule(ParentRunner.java:71) [junit-4.12.jar:4.12]
	at org.junit.runners.ParentRunner.runChildren(ParentRunner.java:288) [junit-4.12.jar:4.12]
	at org.junit.runners.ParentRunner.access$000(ParentRunner.java:58) [junit-4.12.jar:4.12]
	at org.junit.runners.ParentRunner$2.evaluate(ParentRunner.java:268) [junit-4.12.jar:4.12]
	at org.springframework.test.context.junit4.statements.RunBeforeTestClassCallbacks.evaluate(RunBeforeTestClassCallbacks.java:61) [spring-test-4.3.13.RELEASE.jar:4.3.13.RELEASE]
	at org.springframework.test.context.junit4.statements.RunAfterTestClassCallbacks.evaluate(RunAfterTestClassCallbacks.java:70) [spring-test-4.3.13.RELEASE.jar:4.3.13.RELEASE]
	at org.junit.runners.ParentRunner.run(ParentRunner.java:363) [junit-4.12.jar:4.12]
	at org.springframework.test.context.junit4.SpringJUnit4ClassRunner.run(SpringJUnit4ClassRunner.java:191) [spring-test-4.3.13.RELEASE.jar:4.3.13.RELEASE]
	at org.apache.maven.surefire.junit4.JUnit4Provider.execute(JUnit4Provider.java:283) [surefire-junit4-2.18.1.jar:2.18.1]
	at org.apache.maven.surefire.junit4.JUnit4Provider.executeWithRerun(JUnit4Provider.java:173) [surefire-junit4-2.18.1.jar:2.18.1]
	at org.apache.maven.surefire.junit4.JUnit4Provider.executeTestSet(JUnit4Provider.java:153) [surefire-junit4-2.18.1.jar:2.18.1]
	at org.apache.maven.surefire.junit4.JUnit4Provider.invoke(JUnit4Provider.java:128) [surefire-junit4-2.18.1.jar:2.18.1]
	at org.apache.maven.surefire.booter.ForkedBooter.invokeProviderInSameClassLoader(ForkedBooter.java:203) [surefire-booter-2.18.1.jar:2.18.1]
	at org.apache.maven.surefire.booter.ForkedBooter.runSuitesInProcess(ForkedBooter.java:155) [surefire-booter-2.18.1.jar:2.18.1]
	at org.apache.maven.surefire.booter.ForkedBooter.main(ForkedBooter.java:103) [surefire-booter-2.18.1.jar:2.18.1]
Caused by: org.springframework.beans.factory.UnsatisfiedDependencyException: Error creating bean with name 'userControllers': Unsatisfied dependency expressed through field 'securityService'; nested exception is org.springframework.beans.factory.UnsatisfiedDependencyException: Error creating bean with name 'securityServiceImpl': Unsatisfied dependency expressed through field 'authenticationManager'; nested exception is org.springframework.beans.factory.NoSuchBeanDefinitionException: No qualifying bean of type 'org.springframework.security.authentication.AuthenticationManager' available: expected at least 1 bean which qualifies as autowire candidate. Dependency annotations: {@org.springframework.beans.factory.annotation.Autowired(required=true)}
	at org.springframework.beans.factory.annotation.AutowiredAnnotationBeanPostProcessor$AutowiredFieldElement.inject(AutowiredAnnotationBeanPostProcessor.java:588) ~[spring-beans-4.3.13.RELEASE.jar:4.3.13.RELEASE]
	at org.springframework.beans.factory.annotation.InjectionMetadata.inject(InjectionMetadata.java:88) ~[spring-beans-4.3.13.RELEASE.jar:4.3.13.RELEASE]
	at org.springframework.beans.factory.annotation.AutowiredAnnotationBeanPostProcessor.postProcessPropertyValues(AutowiredAnnotationBeanPostProcessor.java:366) ~[spring-beans-4.3.13.RELEASE.jar:4.3.13.RELEASE]
	at org.springframework.beans.factory.support.AbstractAutowireCapableBeanFactory.populateBean(AbstractAutowireCapableBeanFactory.java:1264) ~[spring-beans-4.3.13.RELEASE.jar:4.3.13.RELEASE]
	at org.springframework.beans.factory.support.AbstractAutowireCapableBeanFactory.doCreateBean(AbstractAutowireCapableBeanFactory.java:553) ~[spring-beans-4.3.13.RELEASE.jar:4.3.13.RELEASE]
	at org.springframework.beans.factory.support.AbstractAutowireCapableBeanFactory.createBean(AbstractAutowireCapableBeanFactory.java:483) ~[spring-beans-4.3.13.RELEASE.jar:4.3.13.RELEASE]
	at org.springframework.beans.factory.support.AbstractBeanFactory$1.getObject(AbstractBeanFactory.java:306) ~[spring-beans-4.3.13.RELEASE.jar:4.3.13.RELEASE]
	at org.springframework.beans.factory.support.DefaultSingletonBeanRegistry.getSingleton(DefaultSingletonBeanRegistry.java:230) ~[spring-beans-4.3.13.RELEASE.jar:4.3.13.RELEASE]
	at org.springframework.beans.factory.support.AbstractBeanFactory.doGetBean(AbstractBeanFactory.java:302) ~[spring-beans-4.3.13.RELEASE.jar:4.3.13.RELEASE]
	at org.springframework.beans.factory.support.AbstractBeanFactory.getBean(AbstractBeanFactory.java:197) ~[spring-beans-4.3.13.RELEASE.jar:4.3.13.RELEASE]
	at org.springframework.beans.factory.support.DefaultListableBeanFactory.preInstantiateSingletons(DefaultListableBeanFactory.java:761) ~[spring-beans-4.3.13.RELEASE.jar:4.3.13.RELEASE]
	at org.springframework.context.support.AbstractApplicationContext.finishBeanFactoryInitialization(AbstractApplicationContext.java:867) ~[spring-context-4.3.13.RELEASE.jar:4.3.13.RELEASE]
	at org.springframework.context.support.AbstractApplicationContext.refresh(AbstractApplicationContext.java:543) ~[spring-context-4.3.13.RELEASE.jar:4.3.13.RELEASE]
	at org.springframework.boot.SpringApplication.refresh(SpringApplication.java:693) ~[spring-boot-1.5.9.RELEASE.jar:1.5.9.RELEASE]
	at org.springframework.boot.SpringApplication.refreshContext(SpringApplication.java:360) ~[spring-boot-1.5.9.RELEASE.jar:1.5.9.RELEASE]
	at org.springframework.boot.SpringApplication.run(SpringApplication.java:303) ~[spring-boot-1.5.9.RELEASE.jar:1.5.9.RELEASE]
	at org.springframework.boot.test.context.SpringBootContextLoader.loadContext(SpringBootContextLoader.java:120) ~[spring-boot-test-1.5.9.RELEASE.jar:1.5.9.RELEASE]
	at org.springframework.test.context.cache.DefaultCacheAwareContextLoaderDelegate.loadContextInternal(DefaultCacheAwareContextLoaderDelegate.java:98) ~[spring-test-4.3.13.RELEASE.jar:4.3.13.RELEASE]
	at org.springframework.test.context.cache.DefaultCacheAwareContextLoaderDelegate.loadContext(DefaultCacheAwareContextLoaderDelegate.java:116) ~[spring-test-4.3.13.RELEASE.jar:4.3.13.RELEASE]
	... 26 common frames omitted
Caused by: org.springframework.beans.factory.UnsatisfiedDependencyException: Error creating bean with name 'securityServiceImpl': Unsatisfied dependency expressed through field 'authenticationManager'; nested exception is org.springframework.beans.factory.NoSuchBeanDefinitionException: No qualifying bean of type 'org.springframework.security.authentication.AuthenticationManager' available: expected at least 1 bean which qualifies as autowire candidate. Dependency annotations: {@org.springframework.beans.factory.annotation.Autowired(required=true)}
	at org.springframework.beans.factory.annotation.AutowiredAnnotationBeanPostProcessor$AutowiredFieldElement.inject(AutowiredAnnotationBeanPostProcessor.java:588) ~[spring-beans-4.3.13.RELEASE.jar:4.3.13.RELEASE]
	at org.springframework.beans.factory.annotation.InjectionMetadata.inject(InjectionMetadata.java:88) ~[spring-beans-4.3.13.RELEASE.jar:4.3.13.RELEASE]
	at org.springframework.beans.factory.annotation.AutowiredAnnotationBeanPostProcessor.postProcessPropertyValues(AutowiredAnnotationBeanPostProcessor.java:366) ~[spring-beans-4.3.13.RELEASE.jar:4.3.13.RELEASE]
	at org.springframework.beans.factory.support.AbstractAutowireCapableBeanFactory.populateBean(AbstractAutowireCapableBeanFactory.java:1264) ~[spring-beans-4.3.13.RELEASE.jar:4.3.13.RELEASE]
	at org.springframework.beans.factory.support.AbstractAutowireCapableBeanFactory.doCreateBean(AbstractAutowireCapableBeanFactory.java:553) ~[spring-beans-4.3.13.RELEASE.jar:4.3.13.RELEASE]
	at org.springframework.beans.factory.support.AbstractAutowireCapableBeanFactory.createBean(AbstractAutowireCapableBeanFactory.java:483) ~[spring-beans-4.3.13.RELEASE.jar:4.3.13.RELEASE]
	at org.springframework.beans.factory.support.AbstractBeanFactory$1.getObject(AbstractBeanFactory.java:306) ~[spring-beans-4.3.13.RELEASE.jar:4.3.13.RELEASE]
	at org.springframework.beans.factory.support.DefaultSingletonBeanRegistry.getSingleton(DefaultSingletonBeanRegistry.java:230) ~[spring-beans-4.3.13.RELEASE.jar:4.3.13.RELEASE]
	at org.springframework.beans.factory.support.AbstractBeanFactory.doGetBean(AbstractBeanFactory.java:302) ~[spring-beans-4.3.13.RELEASE.jar:4.3.13.RELEASE]
	at org.springframework.beans.factory.support.AbstractBeanFactory.getBean(AbstractBeanFactory.java:202) ~[spring-beans-4.3.13.RELEASE.jar:4.3.13.RELEASE]
	at org.springframework.beans.factory.config.DependencyDescriptor.resolveCandidate(DependencyDescriptor.java:208) ~[spring-beans-4.3.13.RELEASE.jar:4.3.13.RELEASE]
	at org.springframework.beans.factory.support.DefaultListableBeanFactory.doResolveDependency(DefaultListableBeanFactory.java:1138) ~[spring-beans-4.3.13.RELEASE.jar:4.3.13.RELEASE]
	at org.springframework.beans.factory.support.DefaultListableBeanFactory.resolveDependency(DefaultListableBeanFactory.java:1066) ~[spring-beans-4.3.13.RELEASE.jar:4.3.13.RELEASE]
	at org.springframework.beans.factory.annotation.AutowiredAnnotationBeanPostProcessor$AutowiredFieldElement.inject(AutowiredAnnotationBeanPostProcessor.java:585) ~[spring-beans-4.3.13.RELEASE.jar:4.3.13.RELEASE]
	... 44 common frames omitted
Caused by: org.springframework.beans.factory.NoSuchBeanDefinitionException: No qualifying bean of type 'org.springframework.security.authentication.AuthenticationManager' available: expected at least 1 bean which qualifies as autowire candidate. Dependency annotations: {@org.springframework.beans.factory.annotation.Autowired(required=true)}
	at org.springframework.beans.factory.support.DefaultListableBeanFactory.raiseNoMatchingBeanFound(DefaultListableBeanFactory.java:1493) ~[spring-beans-4.3.13.RELEASE.jar:4.3.13.RELEASE]
	at org.springframework.beans.factory.support.DefaultListableBeanFactory.doResolveDependency(DefaultListableBeanFactory.java:1104) ~[spring-beans-4.3.13.RELEASE.jar:4.3.13.RELEASE]
	at org.springframework.beans.factory.support.DefaultListableBeanFactory.resolveDependency(DefaultListableBeanFactory.java:1066) ~[spring-beans-4.3.13.RELEASE.jar:4.3.13.RELEASE]
	at org.springframework.beans.factory.annotation.AutowiredAnnotationBeanPostProcessor$AutowiredFieldElement.inject(AutowiredAnnotationBeanPostProcessor.java:585) ~[spring-beans-4.3.13.RELEASE.jar:4.3.13.RELEASE]
	... 57 common frames omitted

]]></system-out>
  </testcase>
</testsuite>